mode: set
github.com/afreidah/s3-orchestrator/internal/config/backends.go:29.58,32.24 2 1
github.com/afreidah/s3-orchestrator/internal/config/backends.go:32.24,34.3 1 1
github.com/afreidah/s3-orchestrator/internal/config/backends.go:36.2,37.26 2 1
github.com/afreidah/s3-orchestrator/internal/config/backends.go:37.26,41.19 3 1
github.com/afreidah/s3-orchestrator/internal/config/backends.go:41.19,43.4 1 0
github.com/afreidah/s3-orchestrator/internal/config/backends.go:44.3,44.20 1 1
github.com/afreidah/s3-orchestrator/internal/config/backends.go:44.20,46.4 1 1
github.com/afreidah/s3-orchestrator/internal/config/backends.go:47.3,49.23 2 1
github.com/afreidah/s3-orchestrator/internal/config/backends.go:49.23,51.4 1 0
github.com/afreidah/s3-orchestrator/internal/config/backends.go:52.3,52.21 1 1
github.com/afreidah/s3-orchestrator/internal/config/backends.go:52.21,54.4 1 0
github.com/afreidah/s3-orchestrator/internal/config/backends.go:55.3,55.26 1 1
github.com/afreidah/s3-orchestrator/internal/config/backends.go:55.26,57.4 1 0
github.com/afreidah/s3-orchestrator/internal/config/backends.go:58.3,58.30 1 1
github.com/afreidah/s3-orchestrator/internal/config/backends.go:58.30,60.4 1 0
github.com/afreidah/s3-orchestrator/internal/config/backends.go:61.3,61.23 1 1
github.com/afreidah/s3-orchestrator/internal/config/backends.go:61.23,63.4 1 1
github.com/afreidah/s3-orchestrator/internal/config/backends.go:64.3,64.28 1 1
github.com/afreidah/s3-orchestrator/internal/config/backends.go:64.28,66.4 1 1
github.com/afreidah/s3-orchestrator/internal/config/backends.go:67.3,67.28 1 1
github.com/afreidah/s3-orchestrator/internal/config/backends.go:67.28,69.4 1 1
github.com/afreidah/s3-orchestrator/internal/config/backends.go:70.3,70.29 1 1
github.com/afreidah/s3-orchestrator/internal/config/backends.go:70.29,72.4 1 1
github.com/afreidah/s3-orchestrator/internal/config/backends.go:75.2,75.13 1 1
github.com/afreidah/s3-orchestrator/internal/config/buckets.go:30.55,33.23 2 1
github.com/afreidah/s3-orchestrator/internal/config/buckets.go:33.23,35.3 1 1
github.com/afreidah/s3-orchestrator/internal/config/buckets.go:37.2,39.25 3 1
github.com/afreidah/s3-orchestrator/internal/config/buckets.go:39.25,43.21 3 1
github.com/afreidah/s3-orchestrator/internal/config/buckets.go:43.21,45.4 1 1
github.com/afreidah/s3-orchestrator/internal/config/buckets.go:46.3,46.38 1 1
github.com/afreidah/s3-orchestrator/internal/config/buckets.go:46.38,48.4 1 1
github.com/afreidah/s3-orchestrator/internal/config/buckets.go:49.3,49.28 1 1
github.com/afreidah/s3-orchestrator/internal/config/buckets.go:49.28,51.4 1 1
github.com/afreidah/s3-orchestrator/internal/config/buckets.go:52.3,54.32 2 1
github.com/afreidah/s3-orchestrator/internal/config/buckets.go:54.32,56.4 1 1
github.com/afreidah/s3-orchestrator/internal/config/buckets.go:58.3,58.34 1 1
github.com/afreidah/s3-orchestrator/internal/config/buckets.go:58.34,64.30 5 1
github.com/afreidah/s3-orchestrator/internal/config/buckets.go:64.30,66.5 1 1
github.com/afreidah/s3-orchestrator/internal/config/buckets.go:68.4,68.30 1 1
github.com/afreidah/s3-orchestrator/internal/config/buckets.go:68.30,69.37 1 1
github.com/afreidah/s3-orchestrator/internal/config/buckets.go:69.37,71.6 1 1
github.com/afreidah/s3-orchestrator/internal/config/buckets.go:72.5,72.40 1 1
github.com/afreidah/s3-orchestrator/internal/config/buckets.go:77.2,77.13 1 1
github.com/afreidah/s3-orchestrator/internal/config/config.go:58.47,60.16 2 1
github.com/afreidah/s3-orchestrator/internal/config/config.go:60.16,62.3 1 1
github.com/afreidah/s3-orchestrator/internal/config/config.go:64.2,67.63 3 1
github.com/afreidah/s3-orchestrator/internal/config/config.go:67.63,69.3 1 1
github.com/afreidah/s3-orchestrator/internal/config/config.go:71.2,71.53 1 1
github.com/afreidah/s3-orchestrator/internal/config/config.go:71.53,73.3 1 1
github.com/afreidah/s3-orchestrator/internal/config/config.go:75.2,75.18 1 1
github.com/afreidah/s3-orchestrator/internal/config/config.go:85.49,106.37 16 1
github.com/afreidah/s3-orchestrator/internal/config/config.go:106.37,108.3 1 1
github.com/afreidah/s3-orchestrator/internal/config/config.go:109.2,109.54 1 1
github.com/afreidah/s3-orchestrator/internal/config/config.go:109.54,111.3 1 0
github.com/afreidah/s3-orchestrator/internal/config/config.go:112.2,112.20 1 1
github.com/afreidah/s3-orchestrator/internal/config/config.go:112.20,114.3 1 1
github.com/afreidah/s3-orchestrator/internal/config/config.go:117.2,117.29 1 1
github.com/afreidah/s3-orchestrator/internal/config/config.go:117.29,119.3 1 1
github.com/afreidah/s3-orchestrator/internal/config/config.go:120.2,120.66 1 1
github.com/afreidah/s3-orchestrator/internal/config/config.go:120.66,122.3 1 1
github.com/afreidah/s3-orchestrator/internal/config/config.go:125.2,125.25 1 1
github.com/afreidah/s3-orchestrator/internal/config/config.go:125.25,127.29 2 1
github.com/afreidah/s3-orchestrator/internal/config/config.go:127.29,128.37 1 1
github.com/afreidah/s3-orchestrator/internal/config/config.go:128.37,130.5 1 1
github.com/afreidah/s3-orchestrator/internal/config/config.go:132.3,134.43 2 1
github.com/afreidah/s3-orchestrator/internal/config/config.go:134.43,136.4 1 1
github.com/afreidah/s3-orchestrator/internal/config/config.go:137.3,137.54 1 1
github.com/afreidah/s3-orchestrator/internal/config/config.go:137.54,139.4 1 1
github.com/afreidah/s3-orchestrator/internal/config/config.go:142.2,142.19 1 1
github.com/afreidah/s3-orchestrator/internal/config/config.go:142.19,144.3 1 1
github.com/afreidah/s3-orchestrator/internal/config/config.go:145.2,145.12 1 1
github.com/afreidah/s3-orchestrator/internal/config/config.go:155.60,158.52 2 1
github.com/afreidah/s3-orchestrator/internal/config/config.go:158.52,160.3 1 1
github.com/afreidah/s3-orchestrator/internal/config/config.go:161.2,161.74 1 1
github.com/afreidah/s3-orchestrator/internal/config/config.go:161.74,163.3 1 1
github.com/afreidah/s3-orchestrator/internal/config/config.go:164.2,164.68 1 1
github.com/afreidah/s3-orchestrator/internal/config/config.go:164.68,166.3 1 1
github.com/afreidah/s3-orchestrator/internal/config/config.go:167.2,167.70 1 1
github.com/afreidah/s3-orchestrator/internal/config/config.go:167.70,169.3 1 1
github.com/afreidah/s3-orchestrator/internal/config/config.go:170.2,170.66 1 1
github.com/afreidah/s3-orchestrator/internal/config/config.go:170.66,172.3 1 1
github.com/afreidah/s3-orchestrator/internal/config/config.go:173.2,173.58 1 1
github.com/afreidah/s3-orchestrator/internal/config/config.go:173.58,175.3 1 1
github.com/afreidah/s3-orchestrator/internal/config/config.go:176.2,179.52 1 1
github.com/afreidah/s3-orchestrator/internal/config/config.go:179.52,181.3 1 1
github.com/afreidah/s3-orchestrator/internal/config/config.go:182.2,182.58 1 1
github.com/afreidah/s3-orchestrator/internal/config/config.go:182.58,184.3 1 1
github.com/afreidah/s3-orchestrator/internal/config/config.go:185.2,185.38 1 1
github.com/afreidah/s3-orchestrator/internal/config/config.go:185.38,187.3 1 1
github.com/afreidah/s3-orchestrator/internal/config/config.go:188.2,188.34 1 1
github.com/afreidah/s3-orchestrator/internal/config/config.go:188.34,190.3 1 1
github.com/afreidah/s3-orchestrator/internal/config/config.go:191.2,191.36 1 1
github.com/afreidah/s3-orchestrator/internal/config/config.go:191.36,193.3 1 0
github.com/afreidah/s3-orchestrator/internal/config/config.go:194.2,194.22 1 1
github.com/afreidah/s3-orchestrator/internal/config/config.go:194.22,196.3 1 0
github.com/afreidah/s3-orchestrator/internal/config/config.go:197.2,197.46 1 1
github.com/afreidah/s3-orchestrator/internal/config/config.go:197.46,199.3 1 1
github.com/afreidah/s3-orchestrator/internal/config/config.go:200.2,200.60 1 1
github.com/afreidah/s3-orchestrator/internal/config/config.go:200.60,202.3 1 1
github.com/afreidah/s3-orchestrator/internal/config/config.go:203.2,206.56 1 1
github.com/afreidah/s3-orchestrator/internal/config/config.go:206.56,208.3 1 0
github.com/afreidah/s3-orchestrator/internal/config/config.go:209.2,209.48 1 1
github.com/afreidah/s3-orchestrator/internal/config/config.go:209.48,211.3 1 1
github.com/afreidah/s3-orchestrator/internal/config/config.go:212.2,214.32 3 1
github.com/afreidah/s3-orchestrator/internal/config/config.go:214.32,216.3 1 1
github.com/afreidah/s3-orchestrator/internal/config/config.go:216.8,216.67 1 1
github.com/afreidah/s3-orchestrator/internal/config/config.go:216.67,218.3 1 1
github.com/afreidah/s3-orchestrator/internal/config/config.go:222.2,222.44 1 1
github.com/afreidah/s3-orchestrator/internal/config/config.go:222.44,224.3 1 1
github.com/afreidah/s3-orchestrator/internal/config/config.go:224.8,225.31 1 1
github.com/afreidah/s3-orchestrator/internal/config/config.go:225.31,232.44 2 1
github.com/afreidah/s3-orchestrator/internal/config/config.go:232.44,234.5 1 1
github.com/afreidah/s3-orchestrator/internal/config/config.go:238.2,238.16 1 1
github.com/afreidah/s3-orchestrator/internal/config/config.go:246.42,247.14 1 1
github.com/afreidah/s3-orchestrator/internal/config/config.go:247.14,249.3 1 1
github.com/afreidah/s3-orchestrator/internal/config/config.go:250.2,250.12 1 1
github.com/afreidah/s3-orchestrator/internal/config/config.go:256.41,257.11 1 1
github.com/afreidah/s3-orchestrator/internal/config/config.go:258.15,259.25 1 1
github.com/afreidah/s3-orchestrator/internal/config/config.go:260.14,261.24 1 1
github.com/afreidah/s3-orchestrator/internal/config/config.go:262.15,263.25 1 1
github.com/afreidah/s3-orchestrator/internal/config/config.go:264.10,265.24 1 1
github.com/afreidah/s3-orchestrator/internal/config/database.go:30.52,39.2 2 1
github.com/afreidah/s3-orchestrator/internal/config/database.go:41.60,44.18 2 1
github.com/afreidah/s3-orchestrator/internal/config/database.go:44.18,46.3 1 1
github.com/afreidah/s3-orchestrator/internal/config/database.go:47.2,47.22 1 1
github.com/afreidah/s3-orchestrator/internal/config/database.go:47.22,49.3 1 1
github.com/afreidah/s3-orchestrator/internal/config/database.go:50.2,50.18 1 1
github.com/afreidah/s3-orchestrator/internal/config/database.go:50.18,52.3 1 1
github.com/afreidah/s3-orchestrator/internal/config/database.go:53.2,53.17 1 1
github.com/afreidah/s3-orchestrator/internal/config/database.go:53.17,55.3 1 1
github.com/afreidah/s3-orchestrator/internal/config/database.go:56.2,56.21 1 1
github.com/afreidah/s3-orchestrator/internal/config/database.go:56.21,58.3 1 1
github.com/afreidah/s3-orchestrator/internal/config/database.go:59.2,59.21 1 1
github.com/afreidah/s3-orchestrator/internal/config/database.go:59.21,61.3 1 1
github.com/afreidah/s3-orchestrator/internal/config/database.go:62.2,62.21 1 1
github.com/afreidah/s3-orchestrator/internal/config/database.go:62.21,64.3 1 1
github.com/afreidah/s3-orchestrator/internal/config/database.go:65.2,65.28 1 1
github.com/afreidah/s3-orchestrator/internal/config/database.go:65.28,67.3 1 1
github.com/afreidah/s3-orchestrator/internal/config/database.go:69.2,69.13 1 1
github.com/afreidah/s3-orchestrator/internal/config/encryption.go:39.62,40.16 1 1
github.com/afreidah/s3-orchestrator/internal/config/encryption.go:40.16,42.3 1 1
github.com/afreidah/s3-orchestrator/internal/config/encryption.go:44.2,46.22 2 1
github.com/afreidah/s3-orchestrator/internal/config/encryption.go:46.22,48.3 1 1
github.com/afreidah/s3-orchestrator/internal/config/encryption.go:49.2,50.31 2 1
github.com/afreidah/s3-orchestrator/internal/config/encryption.go:50.31,52.3 1 1
github.com/afreidah/s3-orchestrator/internal/config/encryption.go:52.8,52.27 1 1
github.com/afreidah/s3-orchestrator/internal/config/encryption.go:52.27,54.3 1 1
github.com/afreidah/s3-orchestrator/internal/config/encryption.go:56.2,57.23 2 1
github.com/afreidah/s3-orchestrator/internal/config/encryption.go:57.23,59.3 1 1
github.com/afreidah/s3-orchestrator/internal/config/encryption.go:60.2,60.27 1 1
github.com/afreidah/s3-orchestrator/internal/config/encryption.go:60.27,62.3 1 1
github.com/afreidah/s3-orchestrator/internal/config/encryption.go:63.2,63.20 1 1
github.com/afreidah/s3-orchestrator/internal/config/encryption.go:63.20,65.3 1 1
github.com/afreidah/s3-orchestrator/internal/config/encryption.go:66.2,66.18 1 1
github.com/afreidah/s3-orchestrator/internal/config/encryption.go:66.18,68.3 1 1
github.com/afreidah/s3-orchestrator/internal/config/encryption.go:68.8,68.24 1 1
github.com/afreidah/s3-orchestrator/internal/config/encryption.go:68.24,70.3 1 1
github.com/afreidah/s3-orchestrator/internal/config/encryption.go:72.2,72.23 1 1
github.com/afreidah/s3-orchestrator/internal/config/encryption.go:72.23,74.17 2 1
github.com/afreidah/s3-orchestrator/internal/config/encryption.go:74.17,76.4 1 1
github.com/afreidah/s3-orchestrator/internal/config/encryption.go:76.9,76.33 1 1
github.com/afreidah/s3-orchestrator/internal/config/encryption.go:76.33,78.4 1 1
github.com/afreidah/s3-orchestrator/internal/config/encryption.go:81.2,81.36 1 1
github.com/afreidah/s3-orchestrator/internal/config/encryption.go:81.36,83.17 2 1
github.com/afreidah/s3-orchestrator/internal/config/encryption.go:83.17,85.4 1 1
github.com/afreidah/s3-orchestrator/internal/config/encryption.go:85.9,85.33 1 1
github.com/afreidah/s3-orchestrator/internal/config/encryption.go:85.33,87.4 1 1
github.com/afreidah/s3-orchestrator/internal/config/encryption.go:90.2,90.20 1 1
github.com/afreidah/s3-orchestrator/internal/config/encryption.go:90.20,92.3 1 1
github.com/afreidah/s3-orchestrator/internal/config/encryption.go:94.2,94.13 1 1
github.com/afreidah/s3-orchestrator/internal/config/encryption.go:97.64,100.21 2 1
github.com/afreidah/s3-orchestrator/internal/config/encryption.go:100.21,102.3 1 1
github.com/afreidah/s3-orchestrator/internal/config/encryption.go:103.2,103.40 1 1
github.com/afreidah/s3-orchestrator/internal/config/encryption.go:103.40,105.3 1 1
github.com/afreidah/s3-orchestrator/internal/config/encryption.go:106.2,106.40 1 1
github.com/afreidah/s3-orchestrator/internal/config/encryption.go:106.40,108.3 1 1
github.com/afreidah/s3-orchestrator/internal/config/encryption.go:109.2,109.21 1 1
github.com/afreidah/s3-orchestrator/internal/config/encryption.go:109.21,111.3 1 1
github.com/afreidah/s3-orchestrator/internal/config/encryption.go:112.2,112.23 1 1
github.com/afreidah/s3-orchestrator/internal/config/encryption.go:112.23,114.3 1 1
github.com/afreidah/s3-orchestrator/internal/config/encryption.go:115.2,115.26 1 1
github.com/afreidah/s3-orchestrator/internal/config/encryption.go:115.26,117.3 1 1
github.com/afreidah/s3-orchestrator/internal/config/encryption.go:119.2,119.13 1 1
github.com/afreidah/s3-orchestrator/internal/config/ratelimit.go:45.61,46.16 1 1
github.com/afreidah/s3-orchestrator/internal/config/ratelimit.go:46.16,48.3 1 1
github.com/afreidah/s3-orchestrator/internal/config/ratelimit.go:50.2,52.27 2 1
github.com/afreidah/s3-orchestrator/internal/config/ratelimit.go:52.27,54.3 1 1
github.com/afreidah/s3-orchestrator/internal/config/ratelimit.go:55.2,55.18 1 1
github.com/afreidah/s3-orchestrator/internal/config/ratelimit.go:55.18,57.3 1 1
github.com/afreidah/s3-orchestrator/internal/config/ratelimit.go:58.2,58.28 1 1
github.com/afreidah/s3-orchestrator/internal/config/ratelimit.go:58.28,60.3 1 1
github.com/afreidah/s3-orchestrator/internal/config/ratelimit.go:61.2,61.26 1 1
github.com/afreidah/s3-orchestrator/internal/config/ratelimit.go:61.26,63.3 1 1
github.com/afreidah/s3-orchestrator/internal/config/ratelimit.go:65.2,65.27 1 1
github.com/afreidah/s3-orchestrator/internal/config/ratelimit.go:65.27,67.3 1 0
github.com/afreidah/s3-orchestrator/internal/config/ratelimit.go:68.2,68.18 1 1
github.com/afreidah/s3-orchestrator/internal/config/ratelimit.go:68.18,70.3 1 0
github.com/afreidah/s3-orchestrator/internal/config/ratelimit.go:71.2,71.40 1 1
github.com/afreidah/s3-orchestrator/internal/config/ratelimit.go:71.40,72.51 1 0
github.com/afreidah/s3-orchestrator/internal/config/ratelimit.go:72.51,74.4 1 0
github.com/afreidah/s3-orchestrator/internal/config/ratelimit.go:77.2,77.13 1 1
github.com/afreidah/s3-orchestrator/internal/config/ratelimit.go:80.47,81.30 1 1
github.com/afreidah/s3-orchestrator/internal/config/ratelimit.go:81.30,83.3 1 1
github.com/afreidah/s3-orchestrator/internal/config/ratelimit.go:84.2,84.25 1 1
github.com/afreidah/s3-orchestrator/internal/config/ratelimit.go:84.25,86.3 1 1
github.com/afreidah/s3-orchestrator/internal/config/ratelimit.go:87.2,87.22 1 1
github.com/afreidah/s3-orchestrator/internal/config/ratelimit.go:87.22,89.3 1 1
github.com/afreidah/s3-orchestrator/internal/config/ratelimit.go:92.55,93.18 1 1
github.com/afreidah/s3-orchestrator/internal/config/ratelimit.go:93.18,95.3 1 1
github.com/afreidah/s3-orchestrator/internal/config/ratelimit.go:96.2,96.31 1 1
github.com/afreidah/s3-orchestrator/internal/config/ratelimit.go:96.31,98.3 1 1
github.com/afreidah/s3-orchestrator/internal/config/ratelimit.go:99.2,99.26 1 1
github.com/afreidah/s3-orchestrator/internal/config/ratelimit.go:99.26,101.3 1 1
github.com/afreidah/s3-orchestrator/internal/config/redis.go:24.57,27.21 2 1
github.com/afreidah/s3-orchestrator/internal/config/redis.go:27.21,29.3 1 1
github.com/afreidah/s3-orchestrator/internal/config/redis.go:30.2,30.23 1 1
github.com/afreidah/s3-orchestrator/internal/config/redis.go:30.23,32.3 1 1
github.com/afreidah/s3-orchestrator/internal/config/redis.go:33.2,33.29 1 1
github.com/afreidah/s3-orchestrator/internal/config/redis.go:33.29,35.3 1 1
github.com/afreidah/s3-orchestrator/internal/config/redis.go:36.2,36.24 1 1
github.com/afreidah/s3-orchestrator/internal/config/redis.go:36.24,38.3 1 1
github.com/afreidah/s3-orchestrator/internal/config/redis.go:40.2,40.13 1 1
github.com/afreidah/s3-orchestrator/internal/config/server.go:40.58,43.24 2 1
github.com/afreidah/s3-orchestrator/internal/config/server.go:43.24,45.3 1 1
github.com/afreidah/s3-orchestrator/internal/config/server.go:47.2,47.22 1 1
github.com/afreidah/s3-orchestrator/internal/config/server.go:47.22,49.3 1 1
github.com/afreidah/s3-orchestrator/internal/config/server.go:50.2,50.20 1 1
github.com/afreidah/s3-orchestrator/internal/config/server.go:51.40,51.40 0 1
github.com/afreidah/s3-orchestrator/internal/config/server.go:52.10,53.83 1 1
github.com/afreidah/s3-orchestrator/internal/config/server.go:56.2,56.26 1 1
github.com/afreidah/s3-orchestrator/internal/config/server.go:56.26,58.3 1 1
github.com/afreidah/s3-orchestrator/internal/config/server.go:60.2,60.33 1 1
github.com/afreidah/s3-orchestrator/internal/config/server.go:60.33,62.3 1 1
github.com/afreidah/s3-orchestrator/internal/config/server.go:63.2,63.93 1 1
github.com/afreidah/s3-orchestrator/internal/config/server.go:63.93,65.3 1 1
github.com/afreidah/s3-orchestrator/internal/config/server.go:66.2,66.30 1 1
github.com/afreidah/s3-orchestrator/internal/config/server.go:66.30,68.3 1 1
github.com/afreidah/s3-orchestrator/internal/config/server.go:69.2,69.31 1 1
github.com/afreidah/s3-orchestrator/internal/config/server.go:69.31,71.3 1 1
github.com/afreidah/s3-orchestrator/internal/config/server.go:72.2,72.57 1 1
github.com/afreidah/s3-orchestrator/internal/config/server.go:72.57,73.31 1 1
github.com/afreidah/s3-orchestrator/internal/config/server.go:73.31,75.4 1 1
github.com/afreidah/s3-orchestrator/internal/config/server.go:77.2,77.25 1 1
github.com/afreidah/s3-orchestrator/internal/config/server.go:77.25,79.3 1 1
github.com/afreidah/s3-orchestrator/internal/config/server.go:81.2,81.27 1 1
github.com/afreidah/s3-orchestrator/internal/config/server.go:81.27,83.3 1 1
github.com/afreidah/s3-orchestrator/internal/config/server.go:84.2,84.30 1 1
github.com/afreidah/s3-orchestrator/internal/config/server.go:84.30,86.3 1 1
github.com/afreidah/s3-orchestrator/internal/config/server.go:87.2,87.24 1 1
github.com/afreidah/s3-orchestrator/internal/config/server.go:87.24,89.3 1 1
github.com/afreidah/s3-orchestrator/internal/config/server.go:90.2,90.25 1 1
github.com/afreidah/s3-orchestrator/internal/config/server.go:90.25,92.3 1 1
github.com/afreidah/s3-orchestrator/internal/config/server.go:93.2,93.24 1 1
github.com/afreidah/s3-orchestrator/internal/config/server.go:93.24,95.3 1 1
github.com/afreidah/s3-orchestrator/internal/config/server.go:97.2,97.41 1 1
github.com/afreidah/s3-orchestrator/internal/config/server.go:97.41,99.3 1 1
github.com/afreidah/s3-orchestrator/internal/config/server.go:100.2,100.39 1 1
github.com/afreidah/s3-orchestrator/internal/config/server.go:100.39,102.3 1 1
github.com/afreidah/s3-orchestrator/internal/config/server.go:105.2,107.23 3 1
github.com/afreidah/s3-orchestrator/internal/config/server.go:107.23,109.3 1 1
github.com/afreidah/s3-orchestrator/internal/config/server.go:110.2,110.23 1 1
github.com/afreidah/s3-orchestrator/internal/config/server.go:110.23,111.29 1 1
github.com/afreidah/s3-orchestrator/internal/config/server.go:111.29,113.4 1 1
github.com/afreidah/s3-orchestrator/internal/config/server.go:114.3,114.61 1 1
github.com/afreidah/s3-orchestrator/internal/config/server.go:114.61,116.4 1 1
github.com/afreidah/s3-orchestrator/internal/config/server.go:119.2,119.13 1 1
github.com/afreidah/s3-orchestrator/internal/config/storage_services.go:62.61,63.16 1 1
github.com/afreidah/s3-orchestrator/internal/config/storage_services.go:63.16,65.3 1 1
github.com/afreidah/s3-orchestrator/internal/config/storage_services.go:67.2,69.22 2 1
github.com/afreidah/s3-orchestrator/internal/config/storage_services.go:69.22,71.3 1 1
github.com/afreidah/s3-orchestrator/internal/config/storage_services.go:72.2,72.21 1 1
github.com/afreidah/s3-orchestrator/internal/config/storage_services.go:72.21,74.3 1 1
github.com/afreidah/s3-orchestrator/internal/config/storage_services.go:75.2,75.22 1 1
github.com/afreidah/s3-orchestrator/internal/config/storage_services.go:75.22,77.3 1 1
github.com/afreidah/s3-orchestrator/internal/config/storage_services.go:78.2,78.22 1 1
github.com/afreidah/s3-orchestrator/internal/config/storage_services.go:78.22,80.3 1 1
github.com/afreidah/s3-orchestrator/internal/config/storage_services.go:81.2,81.24 1 1
github.com/afreidah/s3-orchestrator/internal/config/storage_services.go:81.24,83.3 1 1
github.com/afreidah/s3-orchestrator/internal/config/storage_services.go:85.2,85.52 1 1
github.com/afreidah/s3-orchestrator/internal/config/storage_services.go:85.52,87.3 1 1
github.com/afreidah/s3-orchestrator/internal/config/storage_services.go:88.2,88.21 1 1
github.com/afreidah/s3-orchestrator/internal/config/storage_services.go:88.21,90.3 1 0
github.com/afreidah/s3-orchestrator/internal/config/storage_services.go:91.2,91.22 1 1
github.com/afreidah/s3-orchestrator/internal/config/storage_services.go:91.22,93.3 1 0
github.com/afreidah/s3-orchestrator/internal/config/storage_services.go:94.2,94.40 1 1
github.com/afreidah/s3-orchestrator/internal/config/storage_services.go:94.40,96.3 1 1
github.com/afreidah/s3-orchestrator/internal/config/storage_services.go:97.2,97.24 1 1
github.com/afreidah/s3-orchestrator/internal/config/storage_services.go:97.24,99.3 1 0
github.com/afreidah/s3-orchestrator/internal/config/storage_services.go:101.2,101.13 1 1
github.com/afreidah/s3-orchestrator/internal/config/storage_services.go:104.79,107.19 2 1
github.com/afreidah/s3-orchestrator/internal/config/storage_services.go:107.19,109.3 1 1
github.com/afreidah/s3-orchestrator/internal/config/storage_services.go:110.2,110.18 1 1
github.com/afreidah/s3-orchestrator/internal/config/storage_services.go:110.18,112.3 1 1
github.com/afreidah/s3-orchestrator/internal/config/storage_services.go:114.2,114.18 1 1
github.com/afreidah/s3-orchestrator/internal/config/storage_services.go:114.18,115.28 1 1
github.com/afreidah/s3-orchestrator/internal/config/storage_services.go:115.28,117.4 1 1
github.com/afreidah/s3-orchestrator/internal/config/storage_services.go:118.3,118.23 1 1
github.com/afreidah/s3-orchestrator/internal/config/storage_services.go:118.23,120.4 1 1
github.com/afreidah/s3-orchestrator/internal/config/storage_services.go:121.3,121.32 1 1
github.com/afreidah/s3-orchestrator/internal/config/storage_services.go:121.32,123.4 1 1
github.com/afreidah/s3-orchestrator/internal/config/storage_services.go:124.3,124.25 1 1
github.com/afreidah/s3-orchestrator/internal/config/storage_services.go:124.25,126.4 1 1
github.com/afreidah/s3-orchestrator/internal/config/storage_services.go:128.3,128.30 1 1
github.com/afreidah/s3-orchestrator/internal/config/storage_services.go:128.30,132.4 1 1
github.com/afreidah/s3-orchestrator/internal/config/storage_services.go:133.3,133.28 1 1
github.com/afreidah/s3-orchestrator/internal/config/storage_services.go:133.28,135.4 1 0
github.com/afreidah/s3-orchestrator/internal/config/storage_services.go:136.3,136.23 1 1
github.com/afreidah/s3-orchestrator/internal/config/storage_services.go:136.23,138.4 1 0
github.com/afreidah/s3-orchestrator/internal/config/storage_services.go:141.2,141.13 1 1
github.com/afreidah/s3-orchestrator/internal/config/storage_services.go:144.61,148.23 3 1
github.com/afreidah/s3-orchestrator/internal/config/storage_services.go:148.23,152.21 3 1
github.com/afreidah/s3-orchestrator/internal/config/storage_services.go:152.21,154.4 1 1
github.com/afreidah/s3-orchestrator/internal/config/storage_services.go:155.3,155.28 1 1
github.com/afreidah/s3-orchestrator/internal/config/storage_services.go:155.28,157.4 1 1
github.com/afreidah/s3-orchestrator/internal/config/storage_services.go:158.3,158.25 1 1
github.com/afreidah/s3-orchestrator/internal/config/storage_services.go:158.25,160.4 1 1
github.com/afreidah/s3-orchestrator/internal/config/storage_services.go:161.3,161.28 1 1
github.com/afreidah/s3-orchestrator/internal/config/storage_services.go:164.2,164.13 1 1
github.com/afreidah/s3-orchestrator/internal/config/telemetry.go:29.61,32.26 2 1
github.com/afreidah/s3-orchestrator/internal/config/telemetry.go:32.26,34.3 1 1
github.com/afreidah/s3-orchestrator/internal/config/telemetry.go:35.2,35.52 1 1
github.com/afreidah/s3-orchestrator/internal/config/telemetry.go:35.52,37.3 1 1
github.com/afreidah/s3-orchestrator/internal/config/telemetry.go:38.2,38.51 1 1
github.com/afreidah/s3-orchestrator/internal/config/telemetry.go:38.51,40.3 1 1
github.com/afreidah/s3-orchestrator/internal/config/telemetry.go:42.2,42.13 1 1
github.com/afreidah/s3-orchestrator/internal/config/ui.go:20.54,23.18 2 1
github.com/afreidah/s3-orchestrator/internal/config/ui.go:23.18,25.3 1 1
github.com/afreidah/s3-orchestrator/internal/config/ui.go:26.2,26.15 1 1
github.com/afreidah/s3-orchestrator/internal/config/ui.go:26.15,27.46 1 1
github.com/afreidah/s3-orchestrator/internal/config/ui.go:27.46,29.4 1 1
github.com/afreidah/s3-orchestrator/internal/config/ui.go:32.2,32.13 1 1
github.com/afreidah/s3-orchestrator/internal/config/usage.go:21.62,24.21 2 1
github.com/afreidah/s3-orchestrator/internal/config/usage.go:24.21,26.3 1 1
github.com/afreidah/s3-orchestrator/internal/config/usage.go:27.2,27.30 1 1
github.com/afreidah/s3-orchestrator/internal/config/usage.go:27.30,29.3 1 1
github.com/afreidah/s3-orchestrator/internal/config/usage.go:30.2,30.25 1 1
github.com/afreidah/s3-orchestrator/internal/config/usage.go:30.25,32.3 1 1
github.com/afreidah/s3-orchestrator/internal/config/usage.go:34.2,34.21 1 1
github.com/afreidah/s3-orchestrator/internal/config/usage.go:34.21,36.3 1 0
github.com/afreidah/s3-orchestrator/internal/config/usage.go:37.2,37.58 1 1
github.com/afreidah/s3-orchestrator/internal/config/usage.go:37.58,39.3 1 1
github.com/afreidah/s3-orchestrator/internal/config/usage.go:40.2,40.25 1 1
github.com/afreidah/s3-orchestrator/internal/config/usage.go:40.25,42.3 1 0
github.com/afreidah/s3-orchestrator/internal/config/usage.go:43.2,43.34 1 1
github.com/afreidah/s3-orchestrator/internal/config/usage.go:43.34,45.3 1 1
github.com/afreidah/s3-orchestrator/internal/config/usage.go:47.2,47.13 1 1
