mode: atomic
github.com/afreidah/s3-orchestrator/internal/config/backends.go:40.57,43.24 2 0
github.com/afreidah/s3-orchestrator/internal/config/backends.go:43.24,45.3 1 0
github.com/afreidah/s3-orchestrator/internal/config/backends.go:47.2,48.26 2 0
github.com/afreidah/s3-orchestrator/internal/config/backends.go:48.26,50.3 1 0
github.com/afreidah/s3-orchestrator/internal/config/backends.go:51.2,51.13 1 0
github.com/afreidah/s3-orchestrator/internal/config/backends.go:58.84,60.18 2 0
github.com/afreidah/s3-orchestrator/internal/config/backends.go:60.18,62.3 1 0
github.com/afreidah/s3-orchestrator/internal/config/backends.go:64.2,65.23 2 0
github.com/afreidah/s3-orchestrator/internal/config/backends.go:65.23,67.3 1 0
github.com/afreidah/s3-orchestrator/internal/config/backends.go:68.2,72.13 4 0
github.com/afreidah/s3-orchestrator/internal/config/backends.go:77.73,79.22 2 0
github.com/afreidah/s3-orchestrator/internal/config/backends.go:79.22,81.3 1 0
github.com/afreidah/s3-orchestrator/internal/config/backends.go:82.2,82.20 1 0
github.com/afreidah/s3-orchestrator/internal/config/backends.go:82.20,84.3 1 0
github.com/afreidah/s3-orchestrator/internal/config/backends.go:85.2,85.25 1 0
github.com/afreidah/s3-orchestrator/internal/config/backends.go:85.25,87.3 1 0
github.com/afreidah/s3-orchestrator/internal/config/backends.go:88.2,88.29 1 0
github.com/afreidah/s3-orchestrator/internal/config/backends.go:88.29,90.3 1 0
github.com/afreidah/s3-orchestrator/internal/config/backends.go:91.2,91.13 1 0
github.com/afreidah/s3-orchestrator/internal/config/backends.go:96.75,98.22 2 0
github.com/afreidah/s3-orchestrator/internal/config/backends.go:98.22,100.3 1 0
github.com/afreidah/s3-orchestrator/internal/config/backends.go:101.2,101.25 1 0
github.com/afreidah/s3-orchestrator/internal/config/backends.go:101.25,103.3 1 0
github.com/afreidah/s3-orchestrator/internal/config/backends.go:104.2,104.27 1 0
github.com/afreidah/s3-orchestrator/internal/config/backends.go:104.27,106.3 1 0
github.com/afreidah/s3-orchestrator/internal/config/backends.go:107.2,107.27 1 0
github.com/afreidah/s3-orchestrator/internal/config/backends.go:107.27,109.3 1 0
github.com/afreidah/s3-orchestrator/internal/config/backends.go:110.2,110.28 1 0
github.com/afreidah/s3-orchestrator/internal/config/backends.go:110.28,112.3 1 0
github.com/afreidah/s3-orchestrator/internal/config/backends.go:113.2,113.13 1 0
github.com/afreidah/s3-orchestrator/internal/config/buckets.go:42.54,45.23 2 0
github.com/afreidah/s3-orchestrator/internal/config/buckets.go:45.23,47.3 1 0
github.com/afreidah/s3-orchestrator/internal/config/buckets.go:49.2,51.25 3 0
github.com/afreidah/s3-orchestrator/internal/config/buckets.go:51.25,53.3 1 0
github.com/afreidah/s3-orchestrator/internal/config/buckets.go:54.2,54.13 1 0
github.com/afreidah/s3-orchestrator/internal/config/buckets.go:60.100,64.20 3 0
github.com/afreidah/s3-orchestrator/internal/config/buckets.go:64.20,66.3 1 0
github.com/afreidah/s3-orchestrator/internal/config/buckets.go:67.2,67.37 1 0
github.com/afreidah/s3-orchestrator/internal/config/buckets.go:67.37,69.3 1 0
github.com/afreidah/s3-orchestrator/internal/config/buckets.go:70.2,70.25 1 0
github.com/afreidah/s3-orchestrator/internal/config/buckets.go:70.25,72.3 1 0
github.com/afreidah/s3-orchestrator/internal/config/buckets.go:73.2,75.33 2 0
github.com/afreidah/s3-orchestrator/internal/config/buckets.go:75.33,77.3 1 0
github.com/afreidah/s3-orchestrator/internal/config/buckets.go:78.2,78.31 1 0
github.com/afreidah/s3-orchestrator/internal/config/buckets.go:78.31,80.3 1 0
github.com/afreidah/s3-orchestrator/internal/config/buckets.go:82.2,82.33 1 0
github.com/afreidah/s3-orchestrator/internal/config/buckets.go:82.33,84.3 1 0
github.com/afreidah/s3-orchestrator/internal/config/buckets.go:85.2,85.13 1 0
github.com/afreidah/s3-orchestrator/internal/config/buckets.go:89.119,95.28 5 0
github.com/afreidah/s3-orchestrator/internal/config/buckets.go:95.28,97.3 1 0
github.com/afreidah/s3-orchestrator/internal/config/buckets.go:98.2,98.28 1 0
github.com/afreidah/s3-orchestrator/internal/config/buckets.go:98.28,99.39 1 0
github.com/afreidah/s3-orchestrator/internal/config/buckets.go:99.39,101.4 1 0
github.com/afreidah/s3-orchestrator/internal/config/buckets.go:102.3,102.42 1 0
github.com/afreidah/s3-orchestrator/internal/config/buckets.go:104.2,104.13 1 0
github.com/afreidah/s3-orchestrator/internal/config/cache.go:32.57,33.17 1 0
github.com/afreidah/s3-orchestrator/internal/config/cache.go:33.17,35.3 1 0
github.com/afreidah/s3-orchestrator/internal/config/cache.go:37.2,40.17 2 0
github.com/afreidah/s3-orchestrator/internal/config/cache.go:40.17,42.3 1 0
github.com/afreidah/s3-orchestrator/internal/config/cache.go:45.2,45.22 1 0
github.com/afreidah/s3-orchestrator/internal/config/cache.go:45.22,47.3 1 0
github.com/afreidah/s3-orchestrator/internal/config/cache.go:48.2,49.9 2 0
github.com/afreidah/s3-orchestrator/internal/config/cache.go:50.18,51.61 1 0
github.com/afreidah/s3-orchestrator/internal/config/cache.go:52.20,53.50 1 0
github.com/afreidah/s3-orchestrator/internal/config/cache.go:54.10,55.28 1 0
github.com/afreidah/s3-orchestrator/internal/config/cache.go:59.2,59.28 1 0
github.com/afreidah/s3-orchestrator/internal/config/cache.go:59.28,61.3 1 0
github.com/afreidah/s3-orchestrator/internal/config/cache.go:62.2,63.9 2 0
github.com/afreidah/s3-orchestrator/internal/config/cache.go:64.18,65.68 1 0
github.com/afreidah/s3-orchestrator/internal/config/cache.go:66.19,67.52 1 0
github.com/afreidah/s3-orchestrator/internal/config/cache.go:68.10,69.33 1 0
github.com/afreidah/s3-orchestrator/internal/config/cache.go:72.2,72.97 1 0
github.com/afreidah/s3-orchestrator/internal/config/cache.go:72.97,74.3 1 0
github.com/afreidah/s3-orchestrator/internal/config/cache.go:76.2,76.13 1 0
github.com/afreidah/s3-orchestrator/internal/config/cache.go:82.45,83.13 1 0
github.com/afreidah/s3-orchestrator/internal/config/cache.go:83.13,85.3 1 0
github.com/afreidah/s3-orchestrator/internal/config/cache.go:88.2,93.9 5 0
github.com/afreidah/s3-orchestrator/internal/config/cache.go:94.30,96.24 2 0
github.com/afreidah/s3-orchestrator/internal/config/cache.go:97.30,99.24 2 0
github.com/afreidah/s3-orchestrator/internal/config/cache.go:100.30,102.24 2 0
github.com/afreidah/s3-orchestrator/internal/config/cache.go:103.29,104.24 1 0
github.com/afreidah/s3-orchestrator/internal/config/cache.go:105.10,106.13 1 0
github.com/afreidah/s3-orchestrator/internal/config/cache.go:109.2,110.18 2 0
github.com/afreidah/s3-orchestrator/internal/config/cache.go:110.18,112.3 1 0
github.com/afreidah/s3-orchestrator/internal/config/cache.go:113.2,114.16 2 0
github.com/afreidah/s3-orchestrator/internal/config/cache.go:114.16,116.3 1 0
github.com/afreidah/s3-orchestrator/internal/config/cache.go:117.2,117.13 1 0
github.com/afreidah/s3-orchestrator/internal/config/cache.go:117.13,119.3 1 0
github.com/afreidah/s3-orchestrator/internal/config/cache.go:122.2,122.54 1 0
github.com/afreidah/s3-orchestrator/internal/config/cache.go:122.54,124.3 1 0
github.com/afreidah/s3-orchestrator/internal/config/cache.go:125.2,125.30 1 0
github.com/afreidah/s3-orchestrator/internal/config/cache.go:129.33,130.50 1 0
github.com/afreidah/s3-orchestrator/internal/config/cache.go:130.50,132.3 1 0
github.com/afreidah/s3-orchestrator/internal/config/cache.go:133.2,133.64 1 0
github.com/afreidah/s3-orchestrator/internal/config/cache.go:133.64,135.3 1 0
github.com/afreidah/s3-orchestrator/internal/config/cache.go:136.2,136.10 1 0
github.com/afreidah/s3-orchestrator/internal/config/cache.go:142.31,144.19 2 0
github.com/afreidah/s3-orchestrator/internal/config/cache.go:144.19,146.27 2 0
github.com/afreidah/s3-orchestrator/internal/config/cache.go:146.27,148.4 1 0
github.com/afreidah/s3-orchestrator/internal/config/cache.go:149.3,149.11 1 0
github.com/afreidah/s3-orchestrator/internal/config/cache.go:151.2,151.18 1 0
github.com/afreidah/s3-orchestrator/internal/config/cache.go:155.39,157.2 1 0
github.com/afreidah/s3-orchestrator/internal/config/config.go:79.47,81.16 2 0
github.com/afreidah/s3-orchestrator/internal/config/config.go:81.16,83.3 1 0
github.com/afreidah/s3-orchestrator/internal/config/config.go:85.2,88.63 3 0
github.com/afreidah/s3-orchestrator/internal/config/config.go:88.63,90.3 1 0
github.com/afreidah/s3-orchestrator/internal/config/config.go:92.2,92.53 1 0
github.com/afreidah/s3-orchestrator/internal/config/config.go:92.53,94.3 1 0
github.com/afreidah/s3-orchestrator/internal/config/config.go:96.2,96.18 1 0
github.com/afreidah/s3-orchestrator/internal/config/config.go:106.49,113.2 6 0
github.com/afreidah/s3-orchestrator/internal/config/config.go:118.52,136.20 18 0
github.com/afreidah/s3-orchestrator/internal/config/config.go:136.20,138.3 1 0
github.com/afreidah/s3-orchestrator/internal/config/config.go:139.2,139.13 1 0
github.com/afreidah/s3-orchestrator/internal/config/config.go:145.43,148.37 3 0
github.com/afreidah/s3-orchestrator/internal/config/config.go:148.37,150.3 1 0
github.com/afreidah/s3-orchestrator/internal/config/config.go:151.2,151.54 1 0
github.com/afreidah/s3-orchestrator/internal/config/config.go:151.54,153.3 1 0
github.com/afreidah/s3-orchestrator/internal/config/config.go:157.52,158.29 1 0
github.com/afreidah/s3-orchestrator/internal/config/config.go:158.29,160.3 1 0
github.com/afreidah/s3-orchestrator/internal/config/config.go:161.2,161.76 1 0
github.com/afreidah/s3-orchestrator/internal/config/config.go:161.76,163.3 1 0
github.com/afreidah/s3-orchestrator/internal/config/config.go:164.2,164.12 1 0
github.com/afreidah/s3-orchestrator/internal/config/config.go:170.58,171.26 1 0
github.com/afreidah/s3-orchestrator/internal/config/config.go:171.26,173.3 1 0
github.com/afreidah/s3-orchestrator/internal/config/config.go:174.2,176.28 3 0
github.com/afreidah/s3-orchestrator/internal/config/config.go:176.28,177.36 1 0
github.com/afreidah/s3-orchestrator/internal/config/config.go:177.36,179.4 1 0
github.com/afreidah/s3-orchestrator/internal/config/config.go:181.2,183.42 2 0
github.com/afreidah/s3-orchestrator/internal/config/config.go:183.42,185.3 1 0
github.com/afreidah/s3-orchestrator/internal/config/config.go:186.2,186.53 1 0
github.com/afreidah/s3-orchestrator/internal/config/config.go:186.53,188.3 1 0
github.com/afreidah/s3-orchestrator/internal/config/config.go:189.2,189.31 1 0
github.com/afreidah/s3-orchestrator/internal/config/config.go:189.31,192.3 1 0
github.com/afreidah/s3-orchestrator/internal/config/config.go:193.2,193.13 1 0
github.com/afreidah/s3-orchestrator/internal/config/config.go:203.60,210.2 6 0
github.com/afreidah/s3-orchestrator/internal/config/config.go:214.59,216.38 2 0
github.com/afreidah/s3-orchestrator/internal/config/config.go:216.38,218.3 1 0
github.com/afreidah/s3-orchestrator/internal/config/config.go:219.2,219.60 1 0
github.com/afreidah/s3-orchestrator/internal/config/config.go:219.60,221.3 1 0
github.com/afreidah/s3-orchestrator/internal/config/config.go:222.2,222.54 1 0
github.com/afreidah/s3-orchestrator/internal/config/config.go:222.54,224.3 1 0
github.com/afreidah/s3-orchestrator/internal/config/config.go:225.2,225.56 1 0
github.com/afreidah/s3-orchestrator/internal/config/config.go:225.56,227.3 1 0
github.com/afreidah/s3-orchestrator/internal/config/config.go:228.2,228.52 1 0
github.com/afreidah/s3-orchestrator/internal/config/config.go:228.52,230.3 1 0
github.com/afreidah/s3-orchestrator/internal/config/config.go:231.2,231.44 1 0
github.com/afreidah/s3-orchestrator/internal/config/config.go:231.44,233.3 1 0
github.com/afreidah/s3-orchestrator/internal/config/config.go:234.2,237.38 1 0
github.com/afreidah/s3-orchestrator/internal/config/config.go:237.38,239.3 1 0
github.com/afreidah/s3-orchestrator/internal/config/config.go:240.2,240.44 1 0
github.com/afreidah/s3-orchestrator/internal/config/config.go:240.44,242.3 1 0
github.com/afreidah/s3-orchestrator/internal/config/config.go:243.2,243.24 1 0
github.com/afreidah/s3-orchestrator/internal/config/config.go:243.24,245.3 1 0
github.com/afreidah/s3-orchestrator/internal/config/config.go:246.2,246.16 1 0
github.com/afreidah/s3-orchestrator/internal/config/config.go:252.55,254.34 2 0
github.com/afreidah/s3-orchestrator/internal/config/config.go:254.34,256.3 1 0
github.com/afreidah/s3-orchestrator/internal/config/config.go:257.2,257.36 1 0
github.com/afreidah/s3-orchestrator/internal/config/config.go:257.36,259.3 1 0
github.com/afreidah/s3-orchestrator/internal/config/config.go:260.2,260.22 1 0
github.com/afreidah/s3-orchestrator/internal/config/config.go:260.22,262.3 1 0
github.com/afreidah/s3-orchestrator/internal/config/config.go:263.2,263.46 1 0
github.com/afreidah/s3-orchestrator/internal/config/config.go:263.46,265.3 1 0
github.com/afreidah/s3-orchestrator/internal/config/config.go:266.2,266.60 1 0
github.com/afreidah/s3-orchestrator/internal/config/config.go:266.60,268.3 1 0
github.com/afreidah/s3-orchestrator/internal/config/config.go:269.2,272.56 1 0
github.com/afreidah/s3-orchestrator/internal/config/config.go:272.56,274.3 1 0
github.com/afreidah/s3-orchestrator/internal/config/config.go:275.2,275.48 1 0
github.com/afreidah/s3-orchestrator/internal/config/config.go:275.48,277.3 1 0
github.com/afreidah/s3-orchestrator/internal/config/config.go:278.2,278.16 1 0
github.com/afreidah/s3-orchestrator/internal/config/config.go:283.57,286.22 3 0
github.com/afreidah/s3-orchestrator/internal/config/config.go:286.22,288.3 1 0
github.com/afreidah/s3-orchestrator/internal/config/config.go:289.2,289.38 1 0
github.com/afreidah/s3-orchestrator/internal/config/config.go:289.38,291.3 1 0
github.com/afreidah/s3-orchestrator/internal/config/config.go:292.2,292.12 1 0
github.com/afreidah/s3-orchestrator/internal/config/config.go:299.66,300.26 1 0
github.com/afreidah/s3-orchestrator/internal/config/config.go:300.26,302.3 1 0
github.com/afreidah/s3-orchestrator/internal/config/config.go:303.2,304.21 2 0
github.com/afreidah/s3-orchestrator/internal/config/config.go:304.21,311.43 2 0
github.com/afreidah/s3-orchestrator/internal/config/config.go:311.43,313.4 1 0
github.com/afreidah/s3-orchestrator/internal/config/config.go:315.2,315.16 1 0
github.com/afreidah/s3-orchestrator/internal/config/config.go:323.42,324.14 1 0
github.com/afreidah/s3-orchestrator/internal/config/config.go:324.14,326.3 1 0
github.com/afreidah/s3-orchestrator/internal/config/config.go:327.2,327.12 1 0
github.com/afreidah/s3-orchestrator/internal/config/config.go:333.41,334.11 1 0
github.com/afreidah/s3-orchestrator/internal/config/config.go:335.15,336.25 1 0
github.com/afreidah/s3-orchestrator/internal/config/config.go:337.14,338.24 1 0
github.com/afreidah/s3-orchestrator/internal/config/config.go:339.15,340.25 1 0
github.com/afreidah/s3-orchestrator/internal/config/config.go:341.10,342.24 1 0
github.com/afreidah/s3-orchestrator/internal/config/database.go:41.52,50.2 2 1
github.com/afreidah/s3-orchestrator/internal/config/database.go:53.59,55.20 1 0
github.com/afreidah/s3-orchestrator/internal/config/database.go:55.20,56.19 1 0
github.com/afreidah/s3-orchestrator/internal/config/database.go:56.19,58.4 1 0
github.com/afreidah/s3-orchestrator/internal/config/database.go:58.9,60.4 1 0
github.com/afreidah/s3-orchestrator/internal/config/database.go:63.2,63.18 1 0
github.com/afreidah/s3-orchestrator/internal/config/database.go:64.16,65.28 1 0
github.com/afreidah/s3-orchestrator/internal/config/database.go:66.18,67.30 1 0
github.com/afreidah/s3-orchestrator/internal/config/database.go:68.10,69.97 1 0
github.com/afreidah/s3-orchestrator/internal/config/database.go:77.51,78.18 1 0
github.com/afreidah/s3-orchestrator/internal/config/database.go:78.18,80.3 1 0
github.com/afreidah/s3-orchestrator/internal/config/database.go:81.2,81.12 1 0
github.com/afreidah/s3-orchestrator/internal/config/database.go:88.53,91.18 2 0
github.com/afreidah/s3-orchestrator/internal/config/database.go:91.18,93.3 1 0
github.com/afreidah/s3-orchestrator/internal/config/database.go:94.2,94.22 1 0
github.com/afreidah/s3-orchestrator/internal/config/database.go:94.22,96.3 1 0
github.com/afreidah/s3-orchestrator/internal/config/database.go:97.2,97.18 1 0
github.com/afreidah/s3-orchestrator/internal/config/database.go:97.18,99.3 1 0
github.com/afreidah/s3-orchestrator/internal/config/database.go:100.2,100.17 1 0
github.com/afreidah/s3-orchestrator/internal/config/database.go:100.17,102.3 1 0
github.com/afreidah/s3-orchestrator/internal/config/database.go:103.2,103.21 1 0
github.com/afreidah/s3-orchestrator/internal/config/database.go:103.21,105.3 1 0
github.com/afreidah/s3-orchestrator/internal/config/database.go:106.2,106.21 1 0
github.com/afreidah/s3-orchestrator/internal/config/database.go:106.21,108.3 1 0
github.com/afreidah/s3-orchestrator/internal/config/database.go:109.2,109.21 1 0
github.com/afreidah/s3-orchestrator/internal/config/database.go:109.21,111.3 1 0
github.com/afreidah/s3-orchestrator/internal/config/database.go:112.2,112.28 1 0
github.com/afreidah/s3-orchestrator/internal/config/database.go:112.28,114.3 1 0
github.com/afreidah/s3-orchestrator/internal/config/database.go:116.2,116.29 1 0
github.com/afreidah/s3-orchestrator/internal/config/database.go:116.29,118.3 1 0
github.com/afreidah/s3-orchestrator/internal/config/database.go:120.2,120.13 1 0
github.com/afreidah/s3-orchestrator/internal/config/encryption.go:56.61,57.16 1 0
github.com/afreidah/s3-orchestrator/internal/config/encryption.go:57.16,59.3 1 0
github.com/afreidah/s3-orchestrator/internal/config/encryption.go:60.2,66.20 7 0
github.com/afreidah/s3-orchestrator/internal/config/encryption.go:66.20,68.3 1 0
github.com/afreidah/s3-orchestrator/internal/config/encryption.go:69.2,69.13 1 0
github.com/afreidah/s3-orchestrator/internal/config/encryption.go:74.56,75.22 1 0
github.com/afreidah/s3-orchestrator/internal/config/encryption.go:75.22,77.3 1 0
github.com/afreidah/s3-orchestrator/internal/config/encryption.go:78.2,79.31 2 0
github.com/afreidah/s3-orchestrator/internal/config/encryption.go:79.31,81.3 1 0
github.com/afreidah/s3-orchestrator/internal/config/encryption.go:82.2,82.20 1 0
github.com/afreidah/s3-orchestrator/internal/config/encryption.go:82.20,84.3 1 0
github.com/afreidah/s3-orchestrator/internal/config/encryption.go:85.2,85.12 1 0
github.com/afreidah/s3-orchestrator/internal/config/encryption.go:90.57,92.23 2 0
github.com/afreidah/s3-orchestrator/internal/config/encryption.go:92.23,94.3 1 0
github.com/afreidah/s3-orchestrator/internal/config/encryption.go:95.2,95.27 1 0
github.com/afreidah/s3-orchestrator/internal/config/encryption.go:95.27,97.3 1 0
github.com/afreidah/s3-orchestrator/internal/config/encryption.go:98.2,98.20 1 0
github.com/afreidah/s3-orchestrator/internal/config/encryption.go:98.20,100.3 1 0
github.com/afreidah/s3-orchestrator/internal/config/encryption.go:101.2,101.9 1 0
github.com/afreidah/s3-orchestrator/internal/config/encryption.go:102.20,103.39 1 0
github.com/afreidah/s3-orchestrator/internal/config/encryption.go:104.19,105.40 1 0
github.com/afreidah/s3-orchestrator/internal/config/encryption.go:107.2,107.12 1 0
github.com/afreidah/s3-orchestrator/internal/config/encryption.go:113.50,114.21 1 0
github.com/afreidah/s3-orchestrator/internal/config/encryption.go:114.21,116.3 1 0
github.com/afreidah/s3-orchestrator/internal/config/encryption.go:117.2,118.16 2 0
github.com/afreidah/s3-orchestrator/internal/config/encryption.go:118.16,120.3 1 0
github.com/afreidah/s3-orchestrator/internal/config/encryption.go:121.2,121.25 1 0
github.com/afreidah/s3-orchestrator/internal/config/encryption.go:121.25,123.3 1 0
github.com/afreidah/s3-orchestrator/internal/config/encryption.go:124.2,124.12 1 0
github.com/afreidah/s3-orchestrator/internal/config/encryption.go:129.49,130.16 1 0
github.com/afreidah/s3-orchestrator/internal/config/encryption.go:130.16,132.3 1 0
github.com/afreidah/s3-orchestrator/internal/config/encryption.go:133.2,134.16 2 0
github.com/afreidah/s3-orchestrator/internal/config/encryption.go:134.16,136.3 1 0
github.com/afreidah/s3-orchestrator/internal/config/encryption.go:137.2,137.23 1 0
github.com/afreidah/s3-orchestrator/internal/config/encryption.go:137.23,139.3 1 0
github.com/afreidah/s3-orchestrator/internal/config/encryption.go:140.2,140.12 1 0
github.com/afreidah/s3-orchestrator/internal/config/encryption.go:146.50,148.26 2 0
github.com/afreidah/s3-orchestrator/internal/config/encryption.go:148.26,150.17 2 0
github.com/afreidah/s3-orchestrator/internal/config/encryption.go:150.17,152.12 2 0
github.com/afreidah/s3-orchestrator/internal/config/encryption.go:154.3,154.26 1 0
github.com/afreidah/s3-orchestrator/internal/config/encryption.go:154.26,156.4 1 0
github.com/afreidah/s3-orchestrator/internal/config/encryption.go:158.2,158.13 1 0
github.com/afreidah/s3-orchestrator/internal/config/encryption.go:162.63,165.21 2 0
github.com/afreidah/s3-orchestrator/internal/config/encryption.go:165.21,167.3 1 0
github.com/afreidah/s3-orchestrator/internal/config/encryption.go:168.2,168.40 1 0
github.com/afreidah/s3-orchestrator/internal/config/encryption.go:168.40,170.3 1 0
github.com/afreidah/s3-orchestrator/internal/config/encryption.go:171.2,171.40 1 0
github.com/afreidah/s3-orchestrator/internal/config/encryption.go:171.40,173.3 1 0
github.com/afreidah/s3-orchestrator/internal/config/encryption.go:174.2,174.21 1 0
github.com/afreidah/s3-orchestrator/internal/config/encryption.go:174.21,176.3 1 0
github.com/afreidah/s3-orchestrator/internal/config/encryption.go:177.2,177.23 1 0
github.com/afreidah/s3-orchestrator/internal/config/encryption.go:177.23,179.3 1 0
github.com/afreidah/s3-orchestrator/internal/config/encryption.go:180.2,180.26 1 0
github.com/afreidah/s3-orchestrator/internal/config/encryption.go:180.26,182.3 1 0
github.com/afreidah/s3-orchestrator/internal/config/encryption.go:184.2,184.13 1 0
github.com/afreidah/s3-orchestrator/internal/config/errors.go:25.52,27.2 1 0
github.com/afreidah/s3-orchestrator/internal/config/errors.go:32.73,34.2 1 0
github.com/afreidah/s3-orchestrator/internal/config/errors.go:40.43,42.2 1 0
github.com/afreidah/s3-orchestrator/internal/config/integrity.go:33.59,34.17 1 0
github.com/afreidah/s3-orchestrator/internal/config/integrity.go:34.17,36.3 1 0
github.com/afreidah/s3-orchestrator/internal/config/integrity.go:37.2,37.33 1 0
github.com/afreidah/s3-orchestrator/internal/config/integrity.go:37.33,39.3 1 0
github.com/afreidah/s3-orchestrator/internal/config/integrity.go:40.2,40.30 1 0
github.com/afreidah/s3-orchestrator/internal/config/integrity.go:48.61,49.17 1 0
github.com/afreidah/s3-orchestrator/internal/config/integrity.go:49.17,51.3 1 0
github.com/afreidah/s3-orchestrator/internal/config/integrity.go:53.2,53.31 1 0
github.com/afreidah/s3-orchestrator/internal/config/integrity.go:53.31,55.3 1 0
github.com/afreidah/s3-orchestrator/internal/config/integrity.go:57.2,57.29 1 0
github.com/afreidah/s3-orchestrator/internal/config/integrity.go:57.29,59.3 1 0
github.com/afreidah/s3-orchestrator/internal/config/integrity.go:61.2,61.12 1 0
github.com/afreidah/s3-orchestrator/internal/config/notifications.go:36.63,38.29 2 0
github.com/afreidah/s3-orchestrator/internal/config/notifications.go:38.29,40.19 2 0
github.com/afreidah/s3-orchestrator/internal/config/notifications.go:40.19,42.4 1 0
github.com/afreidah/s3-orchestrator/internal/config/notifications.go:43.3,43.26 1 0
github.com/afreidah/s3-orchestrator/internal/config/notifications.go:43.26,45.4 1 0
github.com/afreidah/s3-orchestrator/internal/config/notifications.go:46.3,46.22 1 0
github.com/afreidah/s3-orchestrator/internal/config/notifications.go:46.22,48.4 1 0
github.com/afreidah/s3-orchestrator/internal/config/notifications.go:49.3,49.25 1 0
github.com/afreidah/s3-orchestrator/internal/config/notifications.go:49.25,51.4 1 0
github.com/afreidah/s3-orchestrator/internal/config/notifications.go:53.2,53.13 1 0
github.com/afreidah/s3-orchestrator/internal/config/ratelimit.go:53.60,59.40 2 0
github.com/afreidah/s3-orchestrator/internal/config/ratelimit.go:59.40,60.51 1 0
github.com/afreidah/s3-orchestrator/internal/config/ratelimit.go:60.51,62.4 1 0
github.com/afreidah/s3-orchestrator/internal/config/ratelimit.go:65.2,65.16 1 0
github.com/afreidah/s3-orchestrator/internal/config/ratelimit.go:65.16,67.3 1 0
github.com/afreidah/s3-orchestrator/internal/config/ratelimit.go:69.2,69.27 1 0
github.com/afreidah/s3-orchestrator/internal/config/ratelimit.go:69.27,71.3 1 0
github.com/afreidah/s3-orchestrator/internal/config/ratelimit.go:72.2,72.18 1 0
github.com/afreidah/s3-orchestrator/internal/config/ratelimit.go:72.18,74.3 1 0
github.com/afreidah/s3-orchestrator/internal/config/ratelimit.go:75.2,75.28 1 0
github.com/afreidah/s3-orchestrator/internal/config/ratelimit.go:75.28,77.3 1 0
github.com/afreidah/s3-orchestrator/internal/config/ratelimit.go:78.2,78.26 1 0
github.com/afreidah/s3-orchestrator/internal/config/ratelimit.go:78.26,80.3 1 0
github.com/afreidah/s3-orchestrator/internal/config/ratelimit.go:82.2,82.27 1 0
github.com/afreidah/s3-orchestrator/internal/config/ratelimit.go:82.27,84.3 1 0
github.com/afreidah/s3-orchestrator/internal/config/ratelimit.go:85.2,85.18 1 0
github.com/afreidah/s3-orchestrator/internal/config/ratelimit.go:85.18,87.3 1 0
github.com/afreidah/s3-orchestrator/internal/config/ratelimit.go:89.2,89.13 1 0
github.com/afreidah/s3-orchestrator/internal/config/ratelimit.go:93.47,94.30 1 0
github.com/afreidah/s3-orchestrator/internal/config/ratelimit.go:94.30,96.3 1 0
github.com/afreidah/s3-orchestrator/internal/config/ratelimit.go:97.2,97.25 1 0
github.com/afreidah/s3-orchestrator/internal/config/ratelimit.go:97.25,99.3 1 0
github.com/afreidah/s3-orchestrator/internal/config/ratelimit.go:100.2,100.22 1 0
github.com/afreidah/s3-orchestrator/internal/config/ratelimit.go:100.22,102.3 1 0
github.com/afreidah/s3-orchestrator/internal/config/ratelimit.go:106.55,107.18 1 0
github.com/afreidah/s3-orchestrator/internal/config/ratelimit.go:107.18,109.3 1 0
github.com/afreidah/s3-orchestrator/internal/config/ratelimit.go:110.2,110.31 1 0
github.com/afreidah/s3-orchestrator/internal/config/ratelimit.go:110.31,112.3 1 0
github.com/afreidah/s3-orchestrator/internal/config/ratelimit.go:113.2,113.26 1 0
github.com/afreidah/s3-orchestrator/internal/config/ratelimit.go:113.26,115.3 1 0
github.com/afreidah/s3-orchestrator/internal/config/redis.go:33.56,36.21 2 0
github.com/afreidah/s3-orchestrator/internal/config/redis.go:36.21,38.3 1 0
github.com/afreidah/s3-orchestrator/internal/config/redis.go:39.2,39.23 1 0
github.com/afreidah/s3-orchestrator/internal/config/redis.go:39.23,41.3 1 0
github.com/afreidah/s3-orchestrator/internal/config/redis.go:42.2,42.29 1 0
github.com/afreidah/s3-orchestrator/internal/config/redis.go:42.29,44.3 1 0
github.com/afreidah/s3-orchestrator/internal/config/redis.go:45.2,45.24 1 0
github.com/afreidah/s3-orchestrator/internal/config/redis.go:45.24,47.3 1 0
github.com/afreidah/s3-orchestrator/internal/config/redis.go:49.2,49.28 1 0
github.com/afreidah/s3-orchestrator/internal/config/redis.go:49.28,51.3 1 0
github.com/afreidah/s3-orchestrator/internal/config/redis.go:52.2,52.23 1 0
github.com/afreidah/s3-orchestrator/internal/config/redis.go:52.23,54.3 1 0
github.com/afreidah/s3-orchestrator/internal/config/redis.go:56.2,56.13 1 0
github.com/afreidah/s3-orchestrator/internal/config/server.go:60.57,68.2 7 0
github.com/afreidah/s3-orchestrator/internal/config/server.go:72.49,74.24 2 0
github.com/afreidah/s3-orchestrator/internal/config/server.go:74.24,76.3 1 0
github.com/afreidah/s3-orchestrator/internal/config/server.go:77.2,77.22 1 0
github.com/afreidah/s3-orchestrator/internal/config/server.go:77.22,79.3 1 0
github.com/afreidah/s3-orchestrator/internal/config/server.go:80.2,80.20 1 0
github.com/afreidah/s3-orchestrator/internal/config/server.go:81.40,81.40 0 0
github.com/afreidah/s3-orchestrator/internal/config/server.go:82.10,83.115 1 0
github.com/afreidah/s3-orchestrator/internal/config/server.go:85.2,85.26 1 0
github.com/afreidah/s3-orchestrator/internal/config/server.go:85.26,87.3 1 0
github.com/afreidah/s3-orchestrator/internal/config/server.go:88.2,88.13 1 0
github.com/afreidah/s3-orchestrator/internal/config/server.go:93.54,95.33 2 0
github.com/afreidah/s3-orchestrator/internal/config/server.go:95.33,97.3 1 0
github.com/afreidah/s3-orchestrator/internal/config/server.go:98.2,98.93 1 0
github.com/afreidah/s3-orchestrator/internal/config/server.go:98.93,100.3 1 0
github.com/afreidah/s3-orchestrator/internal/config/server.go:101.2,101.30 1 0
github.com/afreidah/s3-orchestrator/internal/config/server.go:101.30,103.3 1 0
github.com/afreidah/s3-orchestrator/internal/config/server.go:104.2,104.31 1 0
github.com/afreidah/s3-orchestrator/internal/config/server.go:104.31,106.3 1 0
github.com/afreidah/s3-orchestrator/internal/config/server.go:107.2,107.87 1 0
github.com/afreidah/s3-orchestrator/internal/config/server.go:107.87,109.3 1 0
github.com/afreidah/s3-orchestrator/internal/config/server.go:110.2,110.25 1 0
github.com/afreidah/s3-orchestrator/internal/config/server.go:110.25,112.3 1 0
github.com/afreidah/s3-orchestrator/internal/config/server.go:113.2,113.13 1 0
github.com/afreidah/s3-orchestrator/internal/config/server.go:118.47,119.27 1 0
github.com/afreidah/s3-orchestrator/internal/config/server.go:119.27,121.3 1 0
github.com/afreidah/s3-orchestrator/internal/config/server.go:122.2,122.30 1 0
github.com/afreidah/s3-orchestrator/internal/config/server.go:122.30,124.3 1 0
github.com/afreidah/s3-orchestrator/internal/config/server.go:125.2,125.24 1 0
github.com/afreidah/s3-orchestrator/internal/config/server.go:125.24,127.3 1 0
github.com/afreidah/s3-orchestrator/internal/config/server.go:128.2,128.25 1 0
github.com/afreidah/s3-orchestrator/internal/config/server.go:128.25,130.3 1 0
github.com/afreidah/s3-orchestrator/internal/config/server.go:131.2,131.24 1 0
github.com/afreidah/s3-orchestrator/internal/config/server.go:131.24,133.3 1 0
github.com/afreidah/s3-orchestrator/internal/config/server.go:138.51,140.41 2 0
github.com/afreidah/s3-orchestrator/internal/config/server.go:140.41,142.3 1 0
github.com/afreidah/s3-orchestrator/internal/config/server.go:143.2,143.39 1 0
github.com/afreidah/s3-orchestrator/internal/config/server.go:143.39,145.3 1 0
github.com/afreidah/s3-orchestrator/internal/config/server.go:146.2,146.13 1 0
github.com/afreidah/s3-orchestrator/internal/config/server.go:151.46,155.23 4 0
github.com/afreidah/s3-orchestrator/internal/config/server.go:155.23,157.3 1 0
github.com/afreidah/s3-orchestrator/internal/config/server.go:158.2,158.23 1 0
github.com/afreidah/s3-orchestrator/internal/config/server.go:158.23,159.29 1 0
github.com/afreidah/s3-orchestrator/internal/config/server.go:159.29,161.4 1 0
github.com/afreidah/s3-orchestrator/internal/config/server.go:162.3,162.61 1 0
github.com/afreidah/s3-orchestrator/internal/config/server.go:162.61,164.4 1 0
github.com/afreidah/s3-orchestrator/internal/config/server.go:166.2,166.13 1 0
github.com/afreidah/s3-orchestrator/internal/config/storage_services.go:77.49,79.2 1 0
github.com/afreidah/s3-orchestrator/internal/config/storage_services.go:108.60,109.23 1 0
github.com/afreidah/s3-orchestrator/internal/config/storage_services.go:109.23,111.3 1 0
github.com/afreidah/s3-orchestrator/internal/config/storage_services.go:113.2,114.22 2 0
github.com/afreidah/s3-orchestrator/internal/config/storage_services.go:114.22,116.3 1 0
github.com/afreidah/s3-orchestrator/internal/config/storage_services.go:117.2,117.31 1 0
github.com/afreidah/s3-orchestrator/internal/config/storage_services.go:117.31,118.24 1 0
github.com/afreidah/s3-orchestrator/internal/config/storage_services.go:118.24,120.4 1 0
github.com/afreidah/s3-orchestrator/internal/config/storage_services.go:121.3,121.31 1 0
github.com/afreidah/s3-orchestrator/internal/config/storage_services.go:121.31,123.4 1 0
github.com/afreidah/s3-orchestrator/internal/config/storage_services.go:125.2,125.13 1 0
github.com/afreidah/s3-orchestrator/internal/config/storage_services.go:129.60,130.16 1 0
github.com/afreidah/s3-orchestrator/internal/config/storage_services.go:130.16,132.3 1 0
github.com/afreidah/s3-orchestrator/internal/config/storage_services.go:134.2,136.22 2 0
github.com/afreidah/s3-orchestrator/internal/config/storage_services.go:136.22,138.3 1 0
github.com/afreidah/s3-orchestrator/internal/config/storage_services.go:139.2,139.21 1 0
github.com/afreidah/s3-orchestrator/internal/config/storage_services.go:139.21,141.3 1 0
github.com/afreidah/s3-orchestrator/internal/config/storage_services.go:142.2,142.22 1 0
github.com/afreidah/s3-orchestrator/internal/config/storage_services.go:142.22,144.3 1 0
github.com/afreidah/s3-orchestrator/internal/config/storage_services.go:145.2,145.22 1 0
github.com/afreidah/s3-orchestrator/internal/config/storage_services.go:145.22,147.3 1 0
github.com/afreidah/s3-orchestrator/internal/config/storage_services.go:148.2,148.24 1 0
github.com/afreidah/s3-orchestrator/internal/config/storage_services.go:148.24,150.3 1 0
github.com/afreidah/s3-orchestrator/internal/config/storage_services.go:152.2,152.52 1 0
github.com/afreidah/s3-orchestrator/internal/config/storage_services.go:152.52,154.3 1 0
github.com/afreidah/s3-orchestrator/internal/config/storage_services.go:155.2,155.21 1 0
github.com/afreidah/s3-orchestrator/internal/config/storage_services.go:155.21,157.3 1 0
github.com/afreidah/s3-orchestrator/internal/config/storage_services.go:158.2,158.22 1 0
github.com/afreidah/s3-orchestrator/internal/config/storage_services.go:158.22,160.3 1 0
github.com/afreidah/s3-orchestrator/internal/config/storage_services.go:161.2,161.40 1 0
github.com/afreidah/s3-orchestrator/internal/config/storage_services.go:161.40,163.3 1 0
github.com/afreidah/s3-orchestrator/internal/config/storage_services.go:164.2,164.24 1 0
github.com/afreidah/s3-orchestrator/internal/config/storage_services.go:164.24,166.3 1 0
github.com/afreidah/s3-orchestrator/internal/config/storage_services.go:168.2,168.13 1 0
github.com/afreidah/s3-orchestrator/internal/config/storage_services.go:172.78,174.19 2 0
github.com/afreidah/s3-orchestrator/internal/config/storage_services.go:174.19,176.3 1 0
github.com/afreidah/s3-orchestrator/internal/config/storage_services.go:177.2,177.18 1 0
github.com/afreidah/s3-orchestrator/internal/config/storage_services.go:177.18,179.3 1 0
github.com/afreidah/s3-orchestrator/internal/config/storage_services.go:180.2,180.18 1 0
github.com/afreidah/s3-orchestrator/internal/config/storage_services.go:180.18,183.3 2 0
github.com/afreidah/s3-orchestrator/internal/config/storage_services.go:184.2,184.13 1 0
github.com/afreidah/s3-orchestrator/internal/config/storage_services.go:191.56,192.27 1 0
github.com/afreidah/s3-orchestrator/internal/config/storage_services.go:192.27,194.3 1 0
github.com/afreidah/s3-orchestrator/internal/config/storage_services.go:195.2,195.22 1 0
github.com/afreidah/s3-orchestrator/internal/config/storage_services.go:195.22,197.3 1 0
github.com/afreidah/s3-orchestrator/internal/config/storage_services.go:198.2,198.31 1 0
github.com/afreidah/s3-orchestrator/internal/config/storage_services.go:198.31,200.3 1 0
github.com/afreidah/s3-orchestrator/internal/config/storage_services.go:201.2,201.24 1 0
github.com/afreidah/s3-orchestrator/internal/config/storage_services.go:201.24,203.3 1 0
github.com/afreidah/s3-orchestrator/internal/config/storage_services.go:208.81,210.29 2 0
github.com/afreidah/s3-orchestrator/internal/config/storage_services.go:210.29,213.3 1 0
github.com/afreidah/s3-orchestrator/internal/config/storage_services.go:214.2,214.27 1 0
github.com/afreidah/s3-orchestrator/internal/config/storage_services.go:214.27,216.3 1 0
github.com/afreidah/s3-orchestrator/internal/config/storage_services.go:217.2,217.22 1 0
github.com/afreidah/s3-orchestrator/internal/config/storage_services.go:217.22,219.3 1 0
github.com/afreidah/s3-orchestrator/internal/config/storage_services.go:220.2,220.13 1 0
github.com/afreidah/s3-orchestrator/internal/config/storage_services.go:227.60,231.23 3 0
github.com/afreidah/s3-orchestrator/internal/config/storage_services.go:231.23,235.21 3 0
github.com/afreidah/s3-orchestrator/internal/config/storage_services.go:235.21,237.4 1 0
github.com/afreidah/s3-orchestrator/internal/config/storage_services.go:238.3,238.28 1 0
github.com/afreidah/s3-orchestrator/internal/config/storage_services.go:238.28,240.4 1 0
github.com/afreidah/s3-orchestrator/internal/config/storage_services.go:241.3,241.25 1 0
github.com/afreidah/s3-orchestrator/internal/config/storage_services.go:241.25,243.4 1 0
github.com/afreidah/s3-orchestrator/internal/config/storage_services.go:244.3,244.28 1 0
github.com/afreidah/s3-orchestrator/internal/config/storage_services.go:247.2,247.13 1 0
github.com/afreidah/s3-orchestrator/internal/config/telemetry.go:37.60,40.26 2 0
github.com/afreidah/s3-orchestrator/internal/config/telemetry.go:40.26,42.3 1 0
github.com/afreidah/s3-orchestrator/internal/config/telemetry.go:43.2,43.52 1 0
github.com/afreidah/s3-orchestrator/internal/config/telemetry.go:43.52,45.3 1 0
github.com/afreidah/s3-orchestrator/internal/config/telemetry.go:46.2,46.51 1 0
github.com/afreidah/s3-orchestrator/internal/config/telemetry.go:46.51,48.3 1 0
github.com/afreidah/s3-orchestrator/internal/config/telemetry.go:50.2,50.13 1 0
github.com/afreidah/s3-orchestrator/internal/config/ui.go:28.53,31.18 2 0
github.com/afreidah/s3-orchestrator/internal/config/ui.go:31.18,33.3 1 0
github.com/afreidah/s3-orchestrator/internal/config/ui.go:34.2,34.15 1 0
github.com/afreidah/s3-orchestrator/internal/config/ui.go:34.15,35.46 1 0
github.com/afreidah/s3-orchestrator/internal/config/ui.go:35.46,37.4 1 0
github.com/afreidah/s3-orchestrator/internal/config/ui.go:38.3,38.28 1 0
github.com/afreidah/s3-orchestrator/internal/config/ui.go:38.28,40.4 1 0
github.com/afreidah/s3-orchestrator/internal/config/ui.go:43.2,43.13 1 0
github.com/afreidah/s3-orchestrator/internal/config/usage.go:32.61,35.21 2 0
github.com/afreidah/s3-orchestrator/internal/config/usage.go:35.21,37.3 1 0
github.com/afreidah/s3-orchestrator/internal/config/usage.go:38.2,38.30 1 0
github.com/afreidah/s3-orchestrator/internal/config/usage.go:38.30,40.3 1 0
github.com/afreidah/s3-orchestrator/internal/config/usage.go:41.2,41.25 1 0
github.com/afreidah/s3-orchestrator/internal/config/usage.go:41.25,43.3 1 0
github.com/afreidah/s3-orchestrator/internal/config/usage.go:45.2,45.21 1 0
github.com/afreidah/s3-orchestrator/internal/config/usage.go:45.21,47.3 1 0
github.com/afreidah/s3-orchestrator/internal/config/usage.go:48.2,48.58 1 0
github.com/afreidah/s3-orchestrator/internal/config/usage.go:48.58,50.3 1 0
github.com/afreidah/s3-orchestrator/internal/config/usage.go:51.2,51.25 1 0
github.com/afreidah/s3-orchestrator/internal/config/usage.go:51.25,53.3 1 0
github.com/afreidah/s3-orchestrator/internal/config/usage.go:54.2,54.34 1 0
github.com/afreidah/s3-orchestrator/internal/config/usage.go:54.34,56.3 1 0
github.com/afreidah/s3-orchestrator/internal/config/usage.go:58.2,58.13 1 0
github.com/afreidah/s3-orchestrator/internal/store/core/cleanup.go:33.111,34.87 1 0
github.com/afreidah/s3-orchestrator/internal/store/core/cleanup.go:34.87,36.17 2 0
github.com/afreidah/s3-orchestrator/internal/store/core/cleanup.go:36.17,38.4 1 0
github.com/afreidah/s3-orchestrator/internal/store/core/cleanup.go:39.3,39.20 1 0
github.com/afreidah/s3-orchestrator/internal/store/core/cleanup.go:39.20,41.4 1 0
github.com/afreidah/s3-orchestrator/internal/store/core/cleanup.go:42.3,42.21 1 0
github.com/afreidah/s3-orchestrator/internal/store/core/cleanup.go:42.21,43.76 1 0
github.com/afreidah/s3-orchestrator/internal/store/core/cleanup.go:43.76,45.5 1 0
github.com/afreidah/s3-orchestrator/internal/store/core/cleanup.go:47.3,47.23 1 0
github.com/afreidah/s3-orchestrator/internal/store/core/cleanup.go:70.101,71.86 1 0
github.com/afreidah/s3-orchestrator/internal/store/core/cleanup.go:71.86,73.17 2 0
github.com/afreidah/s3-orchestrator/internal/store/core/cleanup.go:73.17,74.46 1 0
github.com/afreidah/s3-orchestrator/internal/store/core/cleanup.go:74.46,76.5 1 0
github.com/afreidah/s3-orchestrator/internal/store/core/cleanup.go:77.4,77.21 1 0
github.com/afreidah/s3-orchestrator/internal/store/core/cleanup.go:79.3,79.22 1 0
github.com/afreidah/s3-orchestrator/internal/store/core/cleanup.go:79.22,81.4 1 0
github.com/afreidah/s3-orchestrator/internal/store/core/cleanup.go:82.3,82.56 1 0
github.com/afreidah/s3-orchestrator/internal/store/core/cleanup.go:82.56,84.4 1 0
github.com/afreidah/s3-orchestrator/internal/store/core/cleanup.go:85.3,85.55 1 0
github.com/afreidah/s3-orchestrator/internal/store/core/cleanup.go:85.55,87.4 1 0
github.com/afreidah/s3-orchestrator/internal/store/core/cleanup.go:88.3,88.19 1 0
github.com/afreidah/s3-orchestrator/internal/store/core/errors.go:29.34,31.2 1 0
github.com/afreidah/s3-orchestrator/internal/store/core/helpers.go:28.80,29.30 1 0
github.com/afreidah/s3-orchestrator/internal/store/core/helpers.go:29.30,30.68 1 0
github.com/afreidah/s3-orchestrator/internal/store/core/helpers.go:30.68,32.4 1 0
github.com/afreidah/s3-orchestrator/internal/store/core/helpers.go:34.2,34.14 1 0
github.com/afreidah/s3-orchestrator/internal/store/core/helpers.go:41.62,42.41 1 0
github.com/afreidah/s3-orchestrator/internal/store/core/helpers.go:42.41,44.3 1 0
github.com/afreidah/s3-orchestrator/internal/store/core/helpers.go:45.2,51.3 1 0
github.com/afreidah/s3-orchestrator/internal/store/core/helpers.go:56.90,62.16 2 15
github.com/afreidah/s3-orchestrator/internal/store/core/helpers.go:62.16,64.3 1 13
github.com/afreidah/s3-orchestrator/internal/store/core/helpers.go:65.2,65.19 1 2
github.com/afreidah/s3-orchestrator/internal/store/core/helpers.go:65.19,70.3 4 2
github.com/afreidah/s3-orchestrator/internal/store/core/helpers.go:71.2,71.27 1 2
github.com/afreidah/s3-orchestrator/internal/store/core/helpers.go:71.27,73.3 1 2
github.com/afreidah/s3-orchestrator/internal/store/core/helpers.go:74.2,74.12 1 2
github.com/afreidah/s3-orchestrator/internal/store/core/helpers.go:91.89,92.22 1 30
github.com/afreidah/s3-orchestrator/internal/store/core/helpers.go:92.22,94.3 1 0
github.com/afreidah/s3-orchestrator/internal/store/core/helpers.go:95.2,96.24 2 30
github.com/afreidah/s3-orchestrator/internal/store/core/helpers.go:96.24,98.3 1 35
github.com/afreidah/s3-orchestrator/internal/store/core/helpers.go:99.2,100.29 2 30
github.com/afreidah/s3-orchestrator/internal/store/core/helpers.go:100.29,102.10 2 35
github.com/afreidah/s3-orchestrator/internal/store/core/helpers.go:103.14,104.62 1 15
github.com/afreidah/s3-orchestrator/internal/store/core/helpers.go:104.62,106.5 1 0
github.com/afreidah/s3-orchestrator/internal/store/core/helpers.go:107.14,108.63 1 20
github.com/afreidah/s3-orchestrator/internal/store/core/helpers.go:108.63,110.5 1 0
github.com/afreidah/s3-orchestrator/internal/store/core/helpers.go:113.2,113.12 1 30
github.com/afreidah/s3-orchestrator/internal/store/core/helpers.go:125.86,126.24 1 0
github.com/afreidah/s3-orchestrator/internal/store/core/helpers.go:126.24,128.3 1 0
github.com/afreidah/s3-orchestrator/internal/store/core/helpers.go:129.2,130.30 2 0
github.com/afreidah/s3-orchestrator/internal/store/core/helpers.go:130.30,131.35 1 0
github.com/afreidah/s3-orchestrator/internal/store/core/helpers.go:131.35,136.4 1 0
github.com/afreidah/s3-orchestrator/internal/store/core/helpers.go:138.2,138.18 1 0
github.com/afreidah/s3-orchestrator/internal/store/core/objects.go:28.132,29.95 1 15
github.com/afreidah/s3-orchestrator/internal/store/core/objects.go:29.95,31.3 1 15
github.com/afreidah/s3-orchestrator/internal/store/core/objects.go:38.164,39.95 1 0
github.com/afreidah/s3-orchestrator/internal/store/core/objects.go:39.95,41.3 1 0
github.com/afreidah/s3-orchestrator/internal/store/core/objects.go:49.150,50.52 1 15
github.com/afreidah/s3-orchestrator/internal/store/core/objects.go:50.52,52.3 1 0
github.com/afreidah/s3-orchestrator/internal/store/core/objects.go:53.2,54.16 2 15
github.com/afreidah/s3-orchestrator/internal/store/core/objects.go:54.16,56.3 1 0
github.com/afreidah/s3-orchestrator/internal/store/core/objects.go:57.2,59.16 3 15
github.com/afreidah/s3-orchestrator/internal/store/core/objects.go:59.16,61.3 1 0
github.com/afreidah/s3-orchestrator/internal/store/core/objects.go:62.2,62.93 1 15
github.com/afreidah/s3-orchestrator/internal/store/core/objects.go:62.93,64.3 1 0
github.com/afreidah/s3-orchestrator/internal/store/core/objects.go:65.2,66.58 2 15
github.com/afreidah/s3-orchestrator/internal/store/core/objects.go:66.58,68.3 1 0
github.com/afreidah/s3-orchestrator/internal/store/core/objects.go:69.2,69.20 1 15
github.com/afreidah/s3-orchestrator/internal/store/core/objects.go:69.20,70.57 1 0
github.com/afreidah/s3-orchestrator/internal/store/core/objects.go:70.57,72.4 1 0
github.com/afreidah/s3-orchestrator/internal/store/core/objects.go:74.2,74.23 1 15
github.com/afreidah/s3-orchestrator/internal/store/core/objects.go:85.90,86.95 1 14
github.com/afreidah/s3-orchestrator/internal/store/core/objects.go:86.95,88.17 2 14
github.com/afreidah/s3-orchestrator/internal/store/core/objects.go:88.17,90.4 1 0
github.com/afreidah/s3-orchestrator/internal/store/core/objects.go:91.3,91.25 1 14
github.com/afreidah/s3-orchestrator/internal/store/core/objects.go:91.25,93.4 1 0
github.com/afreidah/s3-orchestrator/internal/store/core/objects.go:94.3,94.57 1 14
github.com/afreidah/s3-orchestrator/internal/store/core/objects.go:94.57,96.4 1 0
github.com/afreidah/s3-orchestrator/internal/store/core/objects.go:97.3,99.31 3 14
github.com/afreidah/s3-orchestrator/internal/store/core/objects.go:99.31,102.4 2 18
github.com/afreidah/s3-orchestrator/internal/store/core/objects.go:103.3,103.59 1 14
github.com/afreidah/s3-orchestrator/internal/store/core/objects.go:103.59,105.4 1 0
github.com/afreidah/s3-orchestrator/internal/store/core/objects.go:106.3,106.21 1 14
github.com/afreidah/s3-orchestrator/internal/store/core/objects.go:121.110,122.20 1 2
github.com/afreidah/s3-orchestrator/internal/store/core/objects.go:122.20,124.3 1 1
github.com/afreidah/s3-orchestrator/internal/store/core/objects.go:125.2,125.106 1 1
github.com/afreidah/s3-orchestrator/internal/store/core/objects.go:125.106,127.17 2 1
github.com/afreidah/s3-orchestrator/internal/store/core/objects.go:127.17,129.4 1 0
github.com/afreidah/s3-orchestrator/internal/store/core/objects.go:130.3,130.21 1 1
github.com/afreidah/s3-orchestrator/internal/store/core/objects.go:130.21,132.4 1 0
github.com/afreidah/s3-orchestrator/internal/store/core/objects.go:133.3,133.59 1 1
github.com/afreidah/s3-orchestrator/internal/store/core/objects.go:133.59,135.4 1 0
github.com/afreidah/s3-orchestrator/internal/store/core/objects.go:142.3,144.26 3 1
github.com/afreidah/s3-orchestrator/internal/store/core/objects.go:144.26,150.4 2 3
github.com/afreidah/s3-orchestrator/internal/store/core/objects.go:151.3,151.59 1 1
github.com/afreidah/s3-orchestrator/internal/store/core/objects.go:151.59,153.4 1 0
github.com/afreidah/s3-orchestrator/internal/store/core/objects.go:154.3,154.21 1 1
github.com/afreidah/s3-orchestrator/internal/store/core/objects.go:166.112,167.87 1 0
github.com/afreidah/s3-orchestrator/internal/store/core/objects.go:167.87,169.17 2 0
github.com/afreidah/s3-orchestrator/internal/store/core/objects.go:169.17,171.4 1 0
github.com/afreidah/s3-orchestrator/internal/store/core/objects.go:172.3,172.20 1 0
github.com/afreidah/s3-orchestrator/internal/store/core/objects.go:172.20,174.4 1 0
github.com/afreidah/s3-orchestrator/internal/store/core/objects.go:175.3,176.24 2 0
github.com/afreidah/s3-orchestrator/internal/store/core/objects.go:176.24,178.4 1 0
github.com/afreidah/s3-orchestrator/internal/store/core/objects.go:179.3,179.75 1 0
github.com/afreidah/s3-orchestrator/internal/store/core/objects.go:179.75,181.4 1 0
github.com/afreidah/s3-orchestrator/internal/store/core/objects.go:182.3,192.60 2 0
github.com/afreidah/s3-orchestrator/internal/store/core/objects.go:192.60,194.4 1 0
github.com/afreidah/s3-orchestrator/internal/store/core/objects.go:198.3,201.18 1 0
github.com/afreidah/s3-orchestrator/internal/store/core/objects.go:201.18,203.4 1 0
github.com/afreidah/s3-orchestrator/internal/store/core/objects.go:204.3,204.28 1 0
github.com/afreidah/s3-orchestrator/internal/store/core/objects.go:216.102,217.86 1 2
github.com/afreidah/s3-orchestrator/internal/store/core/objects.go:217.86,224.17 3 2
github.com/afreidah/s3-orchestrator/internal/store/core/objects.go:224.17,226.4 1 0
github.com/afreidah/s3-orchestrator/internal/store/core/objects.go:227.3,227.16 1 2
github.com/afreidah/s3-orchestrator/internal/store/core/objects.go:227.16,229.4 1 1
github.com/afreidah/s3-orchestrator/internal/store/core/objects.go:230.3,230.70 1 1
github.com/afreidah/s3-orchestrator/internal/store/core/objects.go:230.70,232.4 1 0
github.com/afreidah/s3-orchestrator/internal/store/core/objects.go:233.3,233.19 1 1
github.com/afreidah/s3-orchestrator/internal/store/core/pending.go:35.100,37.16 2 0
github.com/afreidah/s3-orchestrator/internal/store/core/pending.go:37.16,39.3 1 0
github.com/afreidah/s3-orchestrator/internal/store/core/pending.go:40.2,40.14 1 0
github.com/afreidah/s3-orchestrator/internal/store/core/pending.go:40.14,42.3 1 0
github.com/afreidah/s3-orchestrator/internal/store/core/pending.go:44.2,44.60 1 0
github.com/afreidah/s3-orchestrator/internal/store/core/pending.go:44.60,46.3 1 0
github.com/afreidah/s3-orchestrator/internal/store/core/pending.go:47.2,48.16 2 0
github.com/afreidah/s3-orchestrator/internal/store/core/pending.go:48.16,50.3 1 0
github.com/afreidah/s3-orchestrator/internal/store/core/pending.go:52.2,52.45 1 0
github.com/afreidah/s3-orchestrator/internal/store/core/pending.go:52.45,53.59 1 0
github.com/afreidah/s3-orchestrator/internal/store/core/pending.go:53.59,55.4 1 0
github.com/afreidah/s3-orchestrator/internal/store/core/pending.go:56.3,56.63 1 0
github.com/afreidah/s3-orchestrator/internal/store/core/pending.go:59.2,59.46 1 0
github.com/afreidah/s3-orchestrator/internal/store/core/pending.go:66.124,69.16 3 0
github.com/afreidah/s3-orchestrator/internal/store/core/pending.go:69.16,71.3 1 0
github.com/afreidah/s3-orchestrator/internal/store/core/pending.go:72.2,73.58 2 0
github.com/afreidah/s3-orchestrator/internal/store/core/pending.go:73.58,75.3 1 0
github.com/afreidah/s3-orchestrator/internal/store/core/pending.go:76.2,77.58 2 0
github.com/afreidah/s3-orchestrator/internal/store/core/pending.go:77.58,79.3 1 0
github.com/afreidah/s3-orchestrator/internal/store/core/pending.go:80.2,80.58 1 0
github.com/afreidah/s3-orchestrator/internal/store/core/pending.go:80.58,82.3 1 0
github.com/afreidah/s3-orchestrator/internal/store/core/pending.go:83.2,83.83 1 0
github.com/afreidah/s3-orchestrator/internal/store/core/pending.go:91.158,92.24 1 15
github.com/afreidah/s3-orchestrator/internal/store/core/pending.go:92.24,94.3 1 15
github.com/afreidah/s3-orchestrator/internal/store/core/pending.go:95.2,95.56 1 0
github.com/afreidah/s3-orchestrator/internal/store/core/pending.go:95.56,97.3 1 0
github.com/afreidah/s3-orchestrator/internal/store/core/pending.go:98.2,98.30 1 0
github.com/afreidah/s3-orchestrator/internal/store/core/pending.go:98.30,100.3 1 0
github.com/afreidah/s3-orchestrator/internal/store/core/pending.go:101.2,101.57 1 0
github.com/afreidah/s3-orchestrator/internal/store/core/replication.go:40.119,41.106 1 5
github.com/afreidah/s3-orchestrator/internal/store/core/replication.go:41.106,43.30 2 5
github.com/afreidah/s3-orchestrator/internal/store/core/replication.go:43.30,45.4 1 0
github.com/afreidah/s3-orchestrator/internal/store/core/replication.go:46.3,46.76 1 5
github.com/afreidah/s3-orchestrator/internal/store/core/replication.go:46.76,48.4 1 0
github.com/afreidah/s3-orchestrator/internal/store/core/replication.go:49.3,49.62 1 5
github.com/afreidah/s3-orchestrator/internal/store/core/replication.go:51.2,51.36 1 5
github.com/afreidah/s3-orchestrator/internal/store/core/replication.go:62.102,63.74 1 0
github.com/afreidah/s3-orchestrator/internal/store/core/replication.go:63.74,64.75 1 0
github.com/afreidah/s3-orchestrator/internal/store/core/replication.go:64.75,66.4 1 0
github.com/afreidah/s3-orchestrator/internal/store/core/replication.go:67.3,67.58 1 0
github.com/afreidah/s3-orchestrator/internal/store/core/runner.go:41.125,43.74 2 37
github.com/afreidah/s3-orchestrator/internal/store/core/runner.go:43.74,45.18 2 37
github.com/afreidah/s3-orchestrator/internal/store/core/runner.go:45.18,47.4 1 0
github.com/afreidah/s3-orchestrator/internal/store/core/runner.go:48.3,49.13 2 37
github.com/afreidah/s3-orchestrator/internal/store/core/runner.go:51.2,51.16 1 37
github.com/afreidah/s3-orchestrator/internal/store/core/runner.go:51.16,54.3 2 0
github.com/afreidah/s3-orchestrator/internal/store/core/runner.go:55.2,55.17 1 37
github.com/afreidah/s3-orchestrator/internal/store/core/store.go:47.120,48.101 1 0
github.com/afreidah/s3-orchestrator/internal/store/core/store.go:48.101,50.3 1 0
github.com/afreidah/s3-orchestrator/internal/store/core/store.go:51.2,51.16 1 0
github.com/afreidah/s3-orchestrator/internal/store/core/store.go:51.16,57.3 1 0
github.com/afreidah/s3-orchestrator/internal/store/core/store.go:58.2,58.39 1 0
github.com/afreidah/s3-orchestrator/internal/store/core/types.go:285.73,287.27 2 0
github.com/afreidah/s3-orchestrator/internal/store/core/types.go:287.27,289.3 1 0
github.com/afreidah/s3-orchestrator/internal/store/core/types.go:290.2,290.10 1 0
github.com/afreidah/s3-orchestrator/internal/store/postgres/adapter.go:39.83,40.66 1 17
github.com/afreidah/s3-orchestrator/internal/store/postgres/adapter.go:40.66,42.3 1 1
github.com/afreidah/s3-orchestrator/internal/store/postgres/adapter.go:43.2,43.12 1 16
github.com/afreidah/s3-orchestrator/internal/store/postgres/adapter.go:52.88,53.67 1 7
github.com/afreidah/s3-orchestrator/internal/store/postgres/adapter.go:53.67,54.36 1 5
github.com/afreidah/s3-orchestrator/internal/store/postgres/adapter.go:54.36,56.4 1 4
github.com/afreidah/s3-orchestrator/internal/store/postgres/adapter.go:57.3,57.56 1 1
github.com/afreidah/s3-orchestrator/internal/store/postgres/adapter.go:59.2,59.18 1 2
github.com/afreidah/s3-orchestrator/internal/store/postgres/adapter.go:63.87,64.77 1 3
github.com/afreidah/s3-orchestrator/internal/store/postgres/adapter.go:64.77,66.3 1 1
github.com/afreidah/s3-orchestrator/internal/store/postgres/adapter.go:67.2,67.12 1 2
github.com/afreidah/s3-orchestrator/internal/store/postgres/adapter.go:71.81,72.63 1 2
github.com/afreidah/s3-orchestrator/internal/store/postgres/adapter.go:72.63,74.3 1 1
github.com/afreidah/s3-orchestrator/internal/store/postgres/adapter.go:75.2,75.12 1 1
github.com/afreidah/s3-orchestrator/internal/store/postgres/adapter.go:81.93,82.76 1 2
github.com/afreidah/s3-orchestrator/internal/store/postgres/adapter.go:82.76,84.3 1 1
github.com/afreidah/s3-orchestrator/internal/store/postgres/adapter.go:85.2,85.12 1 1
github.com/afreidah/s3-orchestrator/internal/store/postgres/adapter.go:94.118,96.16 2 35
github.com/afreidah/s3-orchestrator/internal/store/postgres/adapter.go:96.16,98.3 1 1
github.com/afreidah/s3-orchestrator/internal/store/postgres/adapter.go:99.2,99.42 1 34
github.com/afreidah/s3-orchestrator/internal/store/postgres/adapter.go:104.97,105.79 1 16
github.com/afreidah/s3-orchestrator/internal/store/postgres/adapter.go:105.79,107.3 1 1
github.com/afreidah/s3-orchestrator/internal/store/postgres/adapter.go:108.2,108.12 1 15
github.com/afreidah/s3-orchestrator/internal/store/postgres/adapter.go:112.87,113.63 1 16
github.com/afreidah/s3-orchestrator/internal/store/postgres/adapter.go:113.63,115.3 1 1
github.com/afreidah/s3-orchestrator/internal/store/postgres/adapter.go:116.2,116.12 1 15
github.com/afreidah/s3-orchestrator/internal/store/postgres/adapter.go:121.112,126.16 2 3
github.com/afreidah/s3-orchestrator/internal/store/postgres/adapter.go:126.16,128.3 1 1
github.com/afreidah/s3-orchestrator/internal/store/postgres/adapter.go:129.2,129.20 1 2
github.com/afreidah/s3-orchestrator/internal/store/postgres/adapter.go:135.127,140.35 2 3
github.com/afreidah/s3-orchestrator/internal/store/postgres/adapter.go:140.35,142.3 1 1
github.com/afreidah/s3-orchestrator/internal/store/postgres/adapter.go:143.2,143.16 1 2
github.com/afreidah/s3-orchestrator/internal/store/postgres/adapter.go:143.16,145.3 1 1
github.com/afreidah/s3-orchestrator/internal/store/postgres/adapter.go:146.2,156.23 2 1
github.com/afreidah/s3-orchestrator/internal/store/postgres/adapter.go:161.101,165.17 1 2
github.com/afreidah/s3-orchestrator/internal/store/postgres/adapter.go:165.17,167.3 1 1
github.com/afreidah/s3-orchestrator/internal/store/postgres/adapter.go:168.2,168.12 1 1
github.com/afreidah/s3-orchestrator/internal/store/postgres/adapter.go:174.116,180.35 2 3
github.com/afreidah/s3-orchestrator/internal/store/postgres/adapter.go:180.35,182.3 1 1
github.com/afreidah/s3-orchestrator/internal/store/postgres/adapter.go:183.2,183.16 1 2
github.com/afreidah/s3-orchestrator/internal/store/postgres/adapter.go:183.16,185.3 1 1
github.com/afreidah/s3-orchestrator/internal/store/postgres/adapter.go:186.2,186.22 1 1
github.com/afreidah/s3-orchestrator/internal/store/postgres/adapter.go:191.119,192.20 1 1
github.com/afreidah/s3-orchestrator/internal/store/postgres/adapter.go:192.20,194.3 1 0
github.com/afreidah/s3-orchestrator/internal/store/postgres/adapter.go:195.2,196.16 2 1
github.com/afreidah/s3-orchestrator/internal/store/postgres/adapter.go:196.16,198.3 1 0
github.com/afreidah/s3-orchestrator/internal/store/postgres/adapter.go:199.2,200.25 2 1
github.com/afreidah/s3-orchestrator/internal/store/postgres/adapter.go:200.25,206.3 1 3
github.com/afreidah/s3-orchestrator/internal/store/postgres/adapter.go:207.2,207.17 1 1
github.com/afreidah/s3-orchestrator/internal/store/postgres/adapter.go:212.85,213.20 1 1
github.com/afreidah/s3-orchestrator/internal/store/postgres/adapter.go:213.20,215.3 1 0
github.com/afreidah/s3-orchestrator/internal/store/postgres/adapter.go:216.2,216.59 1 1
github.com/afreidah/s3-orchestrator/internal/store/postgres/adapter.go:216.59,218.3 1 0
github.com/afreidah/s3-orchestrator/internal/store/postgres/adapter.go:219.2,219.12 1 1
github.com/afreidah/s3-orchestrator/internal/store/postgres/adapter.go:227.138,233.35 2 7
github.com/afreidah/s3-orchestrator/internal/store/postgres/adapter.go:233.35,235.3 1 1
github.com/afreidah/s3-orchestrator/internal/store/postgres/adapter.go:236.2,236.16 1 6
github.com/afreidah/s3-orchestrator/internal/store/postgres/adapter.go:236.16,238.3 1 1
github.com/afreidah/s3-orchestrator/internal/store/postgres/adapter.go:239.2,239.24 1 5
github.com/afreidah/s3-orchestrator/internal/store/postgres/adapter.go:249.122,254.16 2 3
github.com/afreidah/s3-orchestrator/internal/store/postgres/adapter.go:254.16,256.3 1 1
github.com/afreidah/s3-orchestrator/internal/store/postgres/adapter.go:257.2,257.23 1 2
github.com/afreidah/s3-orchestrator/internal/store/postgres/adapter.go:257.23,259.3 1 1
github.com/afreidah/s3-orchestrator/internal/store/postgres/adapter.go:260.2,263.17 1 1
github.com/afreidah/s3-orchestrator/internal/store/postgres/adapter.go:263.17,265.3 1 0
github.com/afreidah/s3-orchestrator/internal/store/postgres/adapter.go:266.2,266.42 1 1
github.com/afreidah/s3-orchestrator/internal/store/postgres/adapter.go:272.103,274.16 2 0
github.com/afreidah/s3-orchestrator/internal/store/postgres/adapter.go:274.16,275.36 1 0
github.com/afreidah/s3-orchestrator/internal/store/postgres/adapter.go:275.36,277.4 1 0
github.com/afreidah/s3-orchestrator/internal/store/postgres/adapter.go:278.3,278.78 1 0
github.com/afreidah/s3-orchestrator/internal/store/postgres/adapter.go:280.2,288.25 2 0
github.com/afreidah/s3-orchestrator/internal/store/postgres/adapter.go:288.25,290.3 1 0
github.com/afreidah/s3-orchestrator/internal/store/postgres/adapter.go:291.2,291.26 1 0
github.com/afreidah/s3-orchestrator/internal/store/postgres/adapter.go:291.26,293.3 1 0
github.com/afreidah/s3-orchestrator/internal/store/postgres/adapter.go:294.2,294.17 1 0
github.com/afreidah/s3-orchestrator/internal/store/postgres/adapter.go:300.94,302.25 2 0
github.com/afreidah/s3-orchestrator/internal/store/postgres/adapter.go:302.25,305.3 2 0
github.com/afreidah/s3-orchestrator/internal/store/postgres/adapter.go:306.2,307.29 2 0
github.com/afreidah/s3-orchestrator/internal/store/postgres/adapter.go:307.29,309.3 1 0
github.com/afreidah/s3-orchestrator/internal/store/postgres/adapter.go:310.2,319.17 1 0
github.com/afreidah/s3-orchestrator/internal/store/postgres/adapter.go:319.17,321.3 1 0
github.com/afreidah/s3-orchestrator/internal/store/postgres/adapter.go:322.2,322.12 1 0
github.com/afreidah/s3-orchestrator/internal/store/postgres/adapter.go:328.78,329.55 1 0
github.com/afreidah/s3-orchestrator/internal/store/postgres/adapter.go:329.55,331.3 1 0
github.com/afreidah/s3-orchestrator/internal/store/postgres/adapter.go:332.2,332.12 1 0
github.com/afreidah/s3-orchestrator/internal/store/postgres/adapter.go:342.105,347.16 2 24
github.com/afreidah/s3-orchestrator/internal/store/postgres/adapter.go:347.16,349.3 1 1
github.com/afreidah/s3-orchestrator/internal/store/postgres/adapter.go:350.2,350.12 1 23
github.com/afreidah/s3-orchestrator/internal/store/postgres/adapter.go:350.12,352.3 1 1
github.com/afreidah/s3-orchestrator/internal/store/postgres/adapter.go:353.2,353.12 1 22
github.com/afreidah/s3-orchestrator/internal/store/postgres/adapter.go:357.105,361.17 1 22
github.com/afreidah/s3-orchestrator/internal/store/postgres/adapter.go:361.17,363.3 1 1
github.com/afreidah/s3-orchestrator/internal/store/postgres/adapter.go:364.2,364.12 1 21
github.com/afreidah/s3-orchestrator/internal/store/postgres/adapter.go:369.104,373.17 1 2
github.com/afreidah/s3-orchestrator/internal/store/postgres/adapter.go:373.17,375.3 1 1
github.com/afreidah/s3-orchestrator/internal/store/postgres/adapter.go:376.2,376.12 1 1
github.com/afreidah/s3-orchestrator/internal/store/postgres/admin.go:29.99,31.16 2 0
github.com/afreidah/s3-orchestrator/internal/store/postgres/admin.go:31.16,33.3 1 0
github.com/afreidah/s3-orchestrator/internal/store/postgres/admin.go:34.2,34.45 1 0
github.com/afreidah/s3-orchestrator/internal/store/postgres/admin.go:39.82,41.16 2 0
github.com/afreidah/s3-orchestrator/internal/store/postgres/admin.go:41.16,43.3 1 0
github.com/afreidah/s3-orchestrator/internal/store/postgres/admin.go:44.2,44.15 1 0
github.com/afreidah/s3-orchestrator/internal/store/postgres/admin.go:44.15,44.39 1 0
github.com/afreidah/s3-orchestrator/internal/store/postgres/admin.go:46.2,48.74 2 0
github.com/afreidah/s3-orchestrator/internal/store/postgres/admin.go:48.74,50.3 1 0
github.com/afreidah/s3-orchestrator/internal/store/postgres/admin.go:51.2,51.78 1 0
github.com/afreidah/s3-orchestrator/internal/store/postgres/admin.go:51.78,53.3 1 0
github.com/afreidah/s3-orchestrator/internal/store/postgres/admin.go:54.2,54.77 1 0
github.com/afreidah/s3-orchestrator/internal/store/postgres/admin.go:54.77,56.3 1 0
github.com/afreidah/s3-orchestrator/internal/store/postgres/admin.go:57.2,57.67 1 0
github.com/afreidah/s3-orchestrator/internal/store/postgres/admin.go:57.67,59.3 1 0
github.com/afreidah/s3-orchestrator/internal/store/postgres/admin.go:60.2,60.58 1 0
github.com/afreidah/s3-orchestrator/internal/store/postgres/admin.go:60.58,62.3 1 0
github.com/afreidah/s3-orchestrator/internal/store/postgres/admin.go:64.2,64.23 1 0
github.com/afreidah/s3-orchestrator/internal/store/postgres/admin.go:69.90,74.2 1 0
github.com/afreidah/s3-orchestrator/internal/store/postgres/admin.go:82.128,88.16 2 1
github.com/afreidah/s3-orchestrator/internal/store/postgres/admin.go:88.16,90.3 1 0
github.com/afreidah/s3-orchestrator/internal/store/postgres/admin.go:91.2,92.25 2 1
github.com/afreidah/s3-orchestrator/internal/store/postgres/admin.go:92.25,98.21 2 1
github.com/afreidah/s3-orchestrator/internal/store/postgres/admin.go:98.21,100.4 1 1
github.com/afreidah/s3-orchestrator/internal/store/postgres/admin.go:102.2,102.20 1 1
github.com/afreidah/s3-orchestrator/internal/store/postgres/admin.go:107.137,114.2 1 1
github.com/afreidah/s3-orchestrator/internal/store/postgres/admin.go:118.118,123.16 2 1
github.com/afreidah/s3-orchestrator/internal/store/postgres/admin.go:123.16,125.3 1 0
github.com/afreidah/s3-orchestrator/internal/store/postgres/admin.go:126.2,127.25 2 1
github.com/afreidah/s3-orchestrator/internal/store/postgres/admin.go:127.25,133.3 1 1
github.com/afreidah/s3-orchestrator/internal/store/postgres/admin.go:134.2,134.20 1 1
github.com/afreidah/s3-orchestrator/internal/store/postgres/admin.go:140.168,149.2 1 1
github.com/afreidah/s3-orchestrator/internal/store/postgres/admin.go:153.119,158.16 2 1
github.com/afreidah/s3-orchestrator/internal/store/postgres/admin.go:158.16,160.3 1 0
github.com/afreidah/s3-orchestrator/internal/store/postgres/admin.go:161.2,162.25 2 1
github.com/afreidah/s3-orchestrator/internal/store/postgres/admin.go:162.25,169.21 2 1
github.com/afreidah/s3-orchestrator/internal/store/postgres/admin.go:169.21,171.4 1 1
github.com/afreidah/s3-orchestrator/internal/store/postgres/admin.go:172.3,172.29 1 1
github.com/afreidah/s3-orchestrator/internal/store/postgres/admin.go:172.29,174.4 1 1
github.com/afreidah/s3-orchestrator/internal/store/postgres/admin.go:176.2,176.20 1 1
github.com/afreidah/s3-orchestrator/internal/store/postgres/admin.go:182.116,188.2 1 1
github.com/afreidah/s3-orchestrator/internal/store/postgres/advisory_lock.go:33.119,35.16 2 4
github.com/afreidah/s3-orchestrator/internal/store/postgres/advisory_lock.go:35.16,37.3 1 0
github.com/afreidah/s3-orchestrator/internal/store/postgres/advisory_lock.go:38.2,41.102 3 4
github.com/afreidah/s3-orchestrator/internal/store/postgres/advisory_lock.go:41.102,43.3 1 0
github.com/afreidah/s3-orchestrator/internal/store/postgres/advisory_lock.go:45.2,45.15 1 4
github.com/afreidah/s3-orchestrator/internal/store/postgres/advisory_lock.go:45.15,47.3 1 0
github.com/afreidah/s3-orchestrator/internal/store/postgres/advisory_lock.go:51.2,51.15 1 4
github.com/afreidah/s3-orchestrator/internal/store/postgres/advisory_lock.go:51.15,55.3 3 4
github.com/afreidah/s3-orchestrator/internal/store/postgres/advisory_lock.go:57.2,57.22 1 4
github.com/afreidah/s3-orchestrator/internal/store/postgres/cleanup_queue.go:30.115,37.16 2 3
github.com/afreidah/s3-orchestrator/internal/store/postgres/cleanup_queue.go:37.16,39.3 1 0
github.com/afreidah/s3-orchestrator/internal/store/postgres/cleanup_queue.go:40.2,40.12 1 3
github.com/afreidah/s3-orchestrator/internal/store/postgres/cleanup_queue.go:44.96,46.16 2 1
github.com/afreidah/s3-orchestrator/internal/store/postgres/cleanup_queue.go:46.16,48.3 1 0
github.com/afreidah/s3-orchestrator/internal/store/postgres/cleanup_queue.go:50.2,51.27 2 1
github.com/afreidah/s3-orchestrator/internal/store/postgres/cleanup_queue.go:51.27,60.3 1 3
github.com/afreidah/s3-orchestrator/internal/store/postgres/cleanup_queue.go:61.2,61.19 1 1
github.com/afreidah/s3-orchestrator/internal/store/postgres/cleanup_queue.go:65.74,67.16 2 1
github.com/afreidah/s3-orchestrator/internal/store/postgres/cleanup_queue.go:67.16,69.3 1 0
github.com/afreidah/s3-orchestrator/internal/store/postgres/cleanup_queue.go:70.2,70.12 1 1
github.com/afreidah/s3-orchestrator/internal/store/postgres/cleanup_queue.go:74.112,80.16 2 1
github.com/afreidah/s3-orchestrator/internal/store/postgres/cleanup_queue.go:80.16,82.3 1 0
github.com/afreidah/s3-orchestrator/internal/store/postgres/cleanup_queue.go:83.2,83.12 1 1
github.com/afreidah/s3-orchestrator/internal/store/postgres/cleanup_queue.go:87.71,89.16 2 1
github.com/afreidah/s3-orchestrator/internal/store/postgres/cleanup_queue.go:89.16,91.3 1 0
github.com/afreidah/s3-orchestrator/internal/store/postgres/cleanup_queue.go:92.2,92.19 1 1
github.com/afreidah/s3-orchestrator/internal/store/postgres/cleanup_queue.go:102.69,104.16 2 0
github.com/afreidah/s3-orchestrator/internal/store/postgres/cleanup_queue.go:104.16,106.3 1 0
github.com/afreidah/s3-orchestrator/internal/store/postgres/cleanup_queue.go:107.2,107.19 1 0
github.com/afreidah/s3-orchestrator/internal/store/postgres/cleanup_queue.go:114.97,116.2 1 0
github.com/afreidah/s3-orchestrator/internal/store/postgres/cleanup_queue.go:124.99,129.16 2 1
github.com/afreidah/s3-orchestrator/internal/store/postgres/cleanup_queue.go:129.16,131.3 1 0
github.com/afreidah/s3-orchestrator/internal/store/postgres/cleanup_queue.go:132.2,132.12 1 1
github.com/afreidah/s3-orchestrator/internal/store/postgres/cleanup_queue.go:138.99,143.16 2 1
github.com/afreidah/s3-orchestrator/internal/store/postgres/cleanup_queue.go:143.16,145.3 1 0
github.com/afreidah/s3-orchestrator/internal/store/postgres/cleanup_queue.go:146.2,146.12 1 1
github.com/afreidah/s3-orchestrator/internal/store/postgres/cleanup_queue.go:153.101,155.2 1 0
github.com/afreidah/s3-orchestrator/internal/store/postgres/cleanup_queue.go:162.58,167.2 1 6
github.com/afreidah/s3-orchestrator/internal/store/postgres/helpers.go:20.31,21.13 1 9
github.com/afreidah/s3-orchestrator/internal/store/postgres/helpers.go:21.13,23.3 1 1
github.com/afreidah/s3-orchestrator/internal/store/postgres/helpers.go:24.2,24.11 1 8
github.com/afreidah/s3-orchestrator/internal/store/postgres/helpers.go:28.31,29.12 1 5
github.com/afreidah/s3-orchestrator/internal/store/postgres/helpers.go:29.12,31.3 1 1
github.com/afreidah/s3-orchestrator/internal/store/postgres/helpers.go:32.2,32.11 1 4
github.com/afreidah/s3-orchestrator/internal/store/postgres/helpers.go:36.33,37.14 1 4
github.com/afreidah/s3-orchestrator/internal/store/postgres/helpers.go:37.14,39.3 1 1
github.com/afreidah/s3-orchestrator/internal/store/postgres/helpers.go:40.2,40.11 1 3
github.com/afreidah/s3-orchestrator/internal/store/postgres/helpers.go:44.33,45.14 1 3
github.com/afreidah/s3-orchestrator/internal/store/postgres/helpers.go:45.14,47.3 1 1
github.com/afreidah/s3-orchestrator/internal/store/postgres/helpers.go:48.2,48.11 1 2
github.com/afreidah/s3-orchestrator/internal/store/postgres/helpers.go:53.90,55.22 2 36
github.com/afreidah/s3-orchestrator/internal/store/postgres/helpers.go:55.22,61.3 1 24
github.com/afreidah/s3-orchestrator/internal/store/postgres/helpers.go:62.2,62.12 1 36
github.com/afreidah/s3-orchestrator/internal/store/postgres/helpers.go:67.81,73.19 2 19
github.com/afreidah/s3-orchestrator/internal/store/postgres/helpers.go:73.19,78.3 4 3
github.com/afreidah/s3-orchestrator/internal/store/postgres/helpers.go:79.2,79.27 1 19
github.com/afreidah/s3-orchestrator/internal/store/postgres/helpers.go:79.27,81.3 1 4
github.com/afreidah/s3-orchestrator/internal/store/postgres/helpers.go:82.2,82.15 1 19
github.com/afreidah/s3-orchestrator/internal/store/postgres/integrity.go:27.103,30.16 3 2
github.com/afreidah/s3-orchestrator/internal/store/postgres/integrity.go:30.16,32.3 1 0
github.com/afreidah/s3-orchestrator/internal/store/postgres/integrity.go:33.2,33.40 1 2
github.com/afreidah/s3-orchestrator/internal/store/postgres/integrity.go:38.110,45.16 4 2
github.com/afreidah/s3-orchestrator/internal/store/postgres/integrity.go:45.16,47.3 1 0
github.com/afreidah/s3-orchestrator/internal/store/postgres/integrity.go:48.2,48.40 1 2
github.com/afreidah/s3-orchestrator/internal/store/postgres/integrity.go:52.93,58.2 1 2
github.com/afreidah/s3-orchestrator/internal/store/postgres/multipart.go:43.108,45.30 2 11
github.com/afreidah/s3-orchestrator/internal/store/postgres/multipart.go:45.30,48.17 3 1
github.com/afreidah/s3-orchestrator/internal/store/postgres/multipart.go:48.17,50.4 1 0
github.com/afreidah/s3-orchestrator/internal/store/postgres/multipart.go:52.2,63.16 4 11
github.com/afreidah/s3-orchestrator/internal/store/postgres/multipart.go:63.16,65.3 1 0
github.com/afreidah/s3-orchestrator/internal/store/postgres/multipart.go:66.2,66.12 1 11
github.com/afreidah/s3-orchestrator/internal/store/postgres/multipart.go:71.33,72.13 1 24
github.com/afreidah/s3-orchestrator/internal/store/postgres/multipart.go:72.13,74.3 1 20
github.com/afreidah/s3-orchestrator/internal/store/postgres/multipart.go:75.2,75.11 1 4
github.com/afreidah/s3-orchestrator/internal/store/postgres/multipart.go:80.39,81.17 1 12
github.com/afreidah/s3-orchestrator/internal/store/postgres/multipart.go:81.17,83.3 1 10
github.com/afreidah/s3-orchestrator/internal/store/postgres/multipart.go:84.2,84.10 1 2
github.com/afreidah/s3-orchestrator/internal/store/postgres/multipart.go:88.105,90.35 2 2
github.com/afreidah/s3-orchestrator/internal/store/postgres/multipart.go:90.35,92.3 1 0
github.com/afreidah/s3-orchestrator/internal/store/postgres/multipart.go:93.2,93.16 1 2
github.com/afreidah/s3-orchestrator/internal/store/postgres/multipart.go:93.16,95.3 1 0
github.com/afreidah/s3-orchestrator/internal/store/postgres/multipart.go:96.2,106.16 2 2
github.com/afreidah/s3-orchestrator/internal/store/postgres/multipart.go:106.16,108.3 1 0
github.com/afreidah/s3-orchestrator/internal/store/postgres/multipart.go:109.2,109.17 1 2
github.com/afreidah/s3-orchestrator/internal/store/postgres/multipart.go:130.71,132.26 2 5
github.com/afreidah/s3-orchestrator/internal/store/postgres/multipart.go:132.26,134.3 1 1
github.com/afreidah/s3-orchestrator/internal/store/postgres/multipart.go:135.2,136.20 2 5
github.com/afreidah/s3-orchestrator/internal/store/postgres/multipart.go:136.20,138.3 1 1
github.com/afreidah/s3-orchestrator/internal/store/postgres/multipart.go:139.2,149.25 2 5
github.com/afreidah/s3-orchestrator/internal/store/postgres/multipart.go:149.25,150.66 1 1
github.com/afreidah/s3-orchestrator/internal/store/postgres/multipart.go:150.66,152.4 1 0
github.com/afreidah/s3-orchestrator/internal/store/postgres/multipart.go:154.2,154.16 1 5
github.com/afreidah/s3-orchestrator/internal/store/postgres/multipart.go:163.139,164.42 1 6
github.com/afreidah/s3-orchestrator/internal/store/postgres/multipart.go:164.42,166.3 1 2
github.com/afreidah/s3-orchestrator/internal/store/postgres/multipart.go:167.2,173.33 2 4
github.com/afreidah/s3-orchestrator/internal/store/postgres/multipart.go:173.33,178.3 4 1
github.com/afreidah/s3-orchestrator/internal/store/postgres/multipart.go:179.2,179.58 1 4
github.com/afreidah/s3-orchestrator/internal/store/postgres/multipart.go:179.58,181.3 1 0
github.com/afreidah/s3-orchestrator/internal/store/postgres/multipart.go:182.2,182.12 1 4
github.com/afreidah/s3-orchestrator/internal/store/postgres/multipart.go:186.94,188.16 2 3
github.com/afreidah/s3-orchestrator/internal/store/postgres/multipart.go:188.16,190.3 1 0
github.com/afreidah/s3-orchestrator/internal/store/postgres/multipart.go:192.2,193.27 2 3
github.com/afreidah/s3-orchestrator/internal/store/postgres/multipart.go:193.27,202.23 2 4
github.com/afreidah/s3-orchestrator/internal/store/postgres/multipart.go:202.23,204.4 1 2
github.com/afreidah/s3-orchestrator/internal/store/postgres/multipart.go:205.3,205.31 1 4
github.com/afreidah/s3-orchestrator/internal/store/postgres/multipart.go:205.31,207.4 1 2
github.com/afreidah/s3-orchestrator/internal/store/postgres/multipart.go:208.3,208.15 1 4
github.com/afreidah/s3-orchestrator/internal/store/postgres/multipart.go:210.2,210.19 1 3
github.com/afreidah/s3-orchestrator/internal/store/postgres/multipart.go:218.83,220.16 2 11
github.com/afreidah/s3-orchestrator/internal/store/postgres/multipart.go:220.16,222.3 1 0
github.com/afreidah/s3-orchestrator/internal/store/postgres/multipart.go:223.2,223.12 1 11
github.com/afreidah/s3-orchestrator/internal/store/postgres/multipart.go:230.108,232.22 2 3
github.com/afreidah/s3-orchestrator/internal/store/postgres/multipart.go:232.22,234.17 2 3
github.com/afreidah/s3-orchestrator/internal/store/postgres/multipart.go:234.17,236.4 1 0
github.com/afreidah/s3-orchestrator/internal/store/postgres/multipart.go:237.3,237.18 1 3
github.com/afreidah/s3-orchestrator/internal/store/postgres/multipart.go:239.2,239.21 1 3
github.com/afreidah/s3-orchestrator/internal/store/postgres/multipart.go:243.120,246.16 3 1
github.com/afreidah/s3-orchestrator/internal/store/postgres/multipart.go:246.16,248.3 1 0
github.com/afreidah/s3-orchestrator/internal/store/postgres/multipart.go:249.2,249.93 1 1
github.com/afreidah/s3-orchestrator/internal/store/postgres/multipart.go:249.93,255.3 1 1
github.com/afreidah/s3-orchestrator/internal/store/postgres/multipart.go:261.119,263.16 2 1
github.com/afreidah/s3-orchestrator/internal/store/postgres/multipart.go:263.16,265.3 1 0
github.com/afreidah/s3-orchestrator/internal/store/postgres/multipart.go:266.2,266.97 1 1
github.com/afreidah/s3-orchestrator/internal/store/postgres/multipart.go:266.97,272.3 1 1
github.com/afreidah/s3-orchestrator/internal/store/postgres/multipart.go:278.108,280.16 2 1
github.com/afreidah/s3-orchestrator/internal/store/postgres/multipart.go:280.16,282.3 1 0
github.com/afreidah/s3-orchestrator/internal/store/postgres/multipart.go:283.2,283.95 1 1
github.com/afreidah/s3-orchestrator/internal/store/postgres/multipart.go:283.95,289.3 1 1
github.com/afreidah/s3-orchestrator/internal/store/postgres/multipart.go:294.120,300.17 2 1
github.com/afreidah/s3-orchestrator/internal/store/postgres/multipart.go:300.17,302.3 1 0
github.com/afreidah/s3-orchestrator/internal/store/postgres/multipart.go:303.2,303.12 1 1
github.com/afreidah/s3-orchestrator/internal/store/postgres/multipart.go:309.141,310.42 1 1
github.com/afreidah/s3-orchestrator/internal/store/postgres/multipart.go:310.42,312.3 1 0
github.com/afreidah/s3-orchestrator/internal/store/postgres/multipart.go:313.2,318.33 2 1
github.com/afreidah/s3-orchestrator/internal/store/postgres/multipart.go:318.33,323.3 4 1
github.com/afreidah/s3-orchestrator/internal/store/postgres/multipart.go:324.2,324.68 1 1
github.com/afreidah/s3-orchestrator/internal/store/postgres/multipart.go:324.68,326.3 1 0
github.com/afreidah/s3-orchestrator/internal/store/postgres/multipart.go:327.2,327.12 1 1
github.com/afreidah/s3-orchestrator/internal/store/postgres/multipart.go:332.102,335.16 3 1
github.com/afreidah/s3-orchestrator/internal/store/postgres/multipart.go:335.16,337.3 1 0
github.com/afreidah/s3-orchestrator/internal/store/postgres/multipart.go:338.2,338.19 1 1
github.com/afreidah/s3-orchestrator/internal/store/postgres/multipart.go:343.122,350.16 3 1
github.com/afreidah/s3-orchestrator/internal/store/postgres/multipart.go:350.16,352.3 1 0
github.com/afreidah/s3-orchestrator/internal/store/postgres/multipart.go:354.2,355.27 2 1
github.com/afreidah/s3-orchestrator/internal/store/postgres/multipart.go:355.27,357.29 2 1
github.com/afreidah/s3-orchestrator/internal/store/postgres/multipart.go:357.29,359.4 1 0
github.com/afreidah/s3-orchestrator/internal/store/postgres/multipart.go:360.3,365.4 1 1
github.com/afreidah/s3-orchestrator/internal/store/postgres/multipart.go:367.2,367.21 1 1
github.com/afreidah/s3-orchestrator/internal/store/postgres/notifications.go:29.103,35.2 1 1
github.com/afreidah/s3-orchestrator/internal/store/postgres/notifications.go:38.105,40.16 2 1
github.com/afreidah/s3-orchestrator/internal/store/postgres/notifications.go:40.16,42.3 1 0
github.com/afreidah/s3-orchestrator/internal/store/postgres/notifications.go:43.2,44.25 2 1
github.com/afreidah/s3-orchestrator/internal/store/postgres/notifications.go:44.25,52.3 1 1
github.com/afreidah/s3-orchestrator/internal/store/postgres/notifications.go:53.2,53.17 1 1
github.com/afreidah/s3-orchestrator/internal/store/postgres/notifications.go:58.75,60.2 1 1
github.com/afreidah/s3-orchestrator/internal/store/postgres/notifications.go:64.113,70.2 1 1
github.com/afreidah/s3-orchestrator/internal/store/postgres/objects.go:35.138,37.2 1 15
github.com/afreidah/s3-orchestrator/internal/store/postgres/objects.go:42.170,44.2 1 0
github.com/afreidah/s3-orchestrator/internal/store/postgres/objects.go:48.115,54.16 2 4
github.com/afreidah/s3-orchestrator/internal/store/postgres/objects.go:54.16,56.3 1 1
[...]
github.com/afreidah/s3-orchestrator/internal/worker/rebalancer.go:288.40,289.12 1 0
github.com/afreidah/s3-orchestrator/internal/worker/rebalancer.go:291.3,291.43 1 4
github.com/afreidah/s3-orchestrator/internal/worker/rebalancer.go:291.43,292.9 1 0
github.com/afreidah/s3-orchestrator/internal/worker/rebalancer.go:294.3,294.65 1 4
github.com/afreidah/s3-orchestrator/internal/worker/rebalancer.go:294.65,295.12 1 0
github.com/afreidah/s3-orchestrator/internal/worker/rebalancer.go:298.3,307.15 5 4
github.com/afreidah/s3-orchestrator/internal/worker/rebalancer.go:309.2,309.14 1 3
github.com/afreidah/s3-orchestrator/internal/worker/rebalancer.go:314.76,318.2 3 7
github.com/afreidah/s3-orchestrator/internal/worker/rebalancer.go:328.34,329.32 1 3
github.com/afreidah/s3-orchestrator/internal/worker/rebalancer.go:329.32,331.3 1 0
github.com/afreidah/s3-orchestrator/internal/worker/rebalancer.go:332.2,333.16 2 3
github.com/afreidah/s3-orchestrator/internal/worker/rebalancer.go:333.16,335.3 1 0
github.com/afreidah/s3-orchestrator/internal/worker/rebalancer.go:336.2,337.18 2 3
github.com/afreidah/s3-orchestrator/internal/worker/rebalancer.go:343.107,345.25 2 11
github.com/afreidah/s3-orchestrator/internal/worker/rebalancer.go:345.25,347.3 1 25
github.com/afreidah/s3-orchestrator/internal/worker/rebalancer.go:348.2,349.16 2 11
github.com/afreidah/s3-orchestrator/internal/worker/rebalancer.go:365.131,367.9 2 9
github.com/afreidah/s3-orchestrator/internal/worker/rebalancer.go:367.9,369.3 1 0
github.com/afreidah/s3-orchestrator/internal/worker/rebalancer.go:371.2,374.26 3 9
github.com/afreidah/s3-orchestrator/internal/worker/rebalancer.go:374.26,375.41 1 8
github.com/afreidah/s3-orchestrator/internal/worker/rebalancer.go:375.41,376.9 1 0
github.com/afreidah/s3-orchestrator/internal/worker/rebalancer.go:378.3,379.17 2 8
github.com/afreidah/s3-orchestrator/internal/worker/rebalancer.go:379.17,381.4 1 0
github.com/afreidah/s3-orchestrator/internal/worker/rebalancer.go:382.3,382.32 1 8
github.com/afreidah/s3-orchestrator/internal/worker/rebalancer.go:385.2,385.18 1 9
github.com/afreidah/s3-orchestrator/internal/worker/rebalancer.go:392.138,394.29 2 9
github.com/afreidah/s3-orchestrator/internal/worker/rebalancer.go:394.29,396.10 2 18
github.com/afreidah/s3-orchestrator/internal/worker/rebalancer.go:396.10,397.12 1 0
github.com/afreidah/s3-orchestrator/internal/worker/rebalancer.go:399.3,400.32 2 18
github.com/afreidah/s3-orchestrator/internal/worker/rebalancer.go:402.2,402.21 1 9
github.com/afreidah/s3-orchestrator/internal/worker/rebalancer.go:402.21,404.3 1 0
github.com/afreidah/s3-orchestrator/internal/worker/rebalancer.go:406.2,410.29 4 9
github.com/afreidah/s3-orchestrator/internal/worker/rebalancer.go:410.29,412.10 2 18
github.com/afreidah/s3-orchestrator/internal/worker/rebalancer.go:412.10,413.12 1 0
github.com/afreidah/s3-orchestrator/internal/worker/rebalancer.go:415.3,419.10 4 18
github.com/afreidah/s3-orchestrator/internal/worker/rebalancer.go:420.19,421.74 1 8
github.com/afreidah/s3-orchestrator/internal/worker/rebalancer.go:422.19,423.84 1 8
github.com/afreidah/s3-orchestrator/internal/worker/rebalancer.go:427.2,427.57 1 9
github.com/afreidah/s3-orchestrator/internal/worker/rebalancer.go:427.57,429.3 1 0
github.com/afreidah/s3-orchestrator/internal/worker/rebalancer.go:430.2,430.62 1 9
github.com/afreidah/s3-orchestrator/internal/worker/rebalancer.go:430.62,432.3 1 0
github.com/afreidah/s3-orchestrator/internal/worker/rebalancer.go:433.2,433.45 1 9
github.com/afreidah/s3-orchestrator/internal/worker/rebalancer.go:446.28,448.16 2 8
github.com/afreidah/s3-orchestrator/internal/worker/rebalancer.go:448.16,450.3 1 0
github.com/afreidah/s3-orchestrator/internal/worker/rebalancer.go:451.2,454.26 3 8
github.com/afreidah/s3-orchestrator/internal/worker/rebalancer.go:454.26,455.42 1 21
github.com/afreidah/s3-orchestrator/internal/worker/rebalancer.go:455.42,456.9 1 0
github.com/afreidah/s3-orchestrator/internal/worker/rebalancer.go:458.3,458.42 1 21
github.com/afreidah/s3-orchestrator/internal/worker/rebalancer.go:458.42,459.12 1 11
github.com/afreidah/s3-orchestrator/internal/worker/rebalancer.go:461.3,462.19 2 10
github.com/afreidah/s3-orchestrator/internal/worker/rebalancer.go:462.19,463.12 1 0
github.com/afreidah/s3-orchestrator/internal/worker/rebalancer.go:466.3,477.15 7 10
github.com/afreidah/s3-orchestrator/internal/worker/rebalancer.go:479.2,479.19 1 8
github.com/afreidah/s3-orchestrator/internal/worker/rebalancer.go:492.7,494.43 2 10
github.com/afreidah/s3-orchestrator/internal/worker/rebalancer.go:494.43,496.3 1 10
github.com/afreidah/s3-orchestrator/internal/worker/rebalancer.go:497.2,497.31 1 10
github.com/afreidah/s3-orchestrator/internal/worker/rebalancer.go:497.31,498.37 1 10
github.com/afreidah/s3-orchestrator/internal/worker/rebalancer.go:498.37,499.12 1 0
github.com/afreidah/s3-orchestrator/internal/worker/rebalancer.go:501.3,504.60 4 10
github.com/afreidah/s3-orchestrator/internal/worker/rebalancer.go:504.60,506.4 1 10
github.com/afreidah/s3-orchestrator/internal/worker/rebalancer.go:508.2,508.11 1 0
github.com/afreidah/s3-orchestrator/internal/worker/rebalancer.go:518.116,520.85 2 7
github.com/afreidah/s3-orchestrator/internal/worker/rebalancer.go:520.85,522.35 2 14
github.com/afreidah/s3-orchestrator/internal/worker/rebalancer.go:522.35,525.4 2 0
github.com/afreidah/s3-orchestrator/internal/worker/rebalancer.go:526.3,527.42 2 14
github.com/afreidah/s3-orchestrator/internal/worker/rebalancer.go:527.42,529.4 1 14
github.com/afreidah/s3-orchestrator/internal/worker/rebalancer.go:531.2,531.26 1 7
github.com/afreidah/s3-orchestrator/internal/worker/rebalancer.go:537.100,539.9 2 14
github.com/afreidah/s3-orchestrator/internal/worker/rebalancer.go:539.9,542.3 2 0
github.com/afreidah/s3-orchestrator/internal/worker/rebalancer.go:544.2,545.9 2 14
github.com/afreidah/s3-orchestrator/internal/worker/rebalancer.go:545.9,548.3 2 0
github.com/afreidah/s3-orchestrator/internal/worker/rebalancer.go:551.2,551.87 1 14
github.com/afreidah/s3-orchestrator/internal/worker/rebalancer.go:551.87,556.3 3 0
github.com/afreidah/s3-orchestrator/internal/worker/rebalancer.go:559.2,560.16 2 14
github.com/afreidah/s3-orchestrator/internal/worker/rebalancer.go:560.16,568.3 5 0
github.com/afreidah/s3-orchestrator/internal/worker/rebalancer.go:570.2,570.20 1 14
github.com/afreidah/s3-orchestrator/internal/worker/rebalancer.go:570.20,577.3 4 0
github.com/afreidah/s3-orchestrator/internal/worker/rebalancer.go:580.2,594.13 7 14
github.com/afreidah/s3-orchestrator/internal/worker/reconciler.go:51.76,57.2 1 0
github.com/afreidah/s3-orchestrator/internal/worker/reconciler.go:61.47,68.29 4 0
github.com/afreidah/s3-orchestrator/internal/worker/reconciler.go:68.29,71.3 2 0
github.com/afreidah/s3-orchestrator/internal/worker/reconciler.go:73.2,75.54 2 0
github.com/afreidah/s3-orchestrator/internal/worker/reconciler.go:75.54,79.17 3 0
github.com/afreidah/s3-orchestrator/internal/worker/reconciler.go:79.17,82.12 2 0
github.com/afreidah/s3-orchestrator/internal/worker/reconciler.go:84.3,85.26 2 0
github.com/afreidah/s3-orchestrator/internal/worker/reconciler.go:88.2,90.23 2 0
github.com/afreidah/s3-orchestrator/internal/worker/reconciler.go:90.23,95.58 2 0
github.com/afreidah/s3-orchestrator/internal/worker/reconciler.go:95.58,97.4 1 0
github.com/afreidah/s3-orchestrator/internal/worker/reconciler.go:100.2,104.3 1 0
github.com/afreidah/s3-orchestrator/internal/worker/reconciler.go:110.99,113.29 2 0
github.com/afreidah/s3-orchestrator/internal/worker/reconciler.go:113.29,115.3 1 0
github.com/afreidah/s3-orchestrator/internal/worker/reconciler.go:117.2,118.23 2 0
github.com/afreidah/s3-orchestrator/internal/worker/reconciler.go:118.23,120.3 1 0
github.com/afreidah/s3-orchestrator/internal/worker/reconciler.go:120.8,122.3 1 0
github.com/afreidah/s3-orchestrator/internal/worker/reconciler.go:124.2,125.32 2 0
github.com/afreidah/s3-orchestrator/internal/worker/reconciler.go:125.32,127.17 2 0
github.com/afreidah/s3-orchestrator/internal/worker/reconciler.go:127.17,129.12 2 0
github.com/afreidah/s3-orchestrator/internal/worker/reconciler.go:131.3,133.50 3 0
github.com/afreidah/s3-orchestrator/internal/worker/reconciler.go:136.2,136.45 1 0
github.com/afreidah/s3-orchestrator/internal/worker/reconciler.go:136.45,137.58 1 0
github.com/afreidah/s3-orchestrator/internal/worker/reconciler.go:137.58,139.4 1 0
github.com/afreidah/s3-orchestrator/internal/worker/reconciler.go:142.2,148.19 2 0
github.com/afreidah/s3-orchestrator/internal/worker/replicator.go:50.64,52.2 1 27
github.com/afreidah/s3-orchestrator/internal/worker/replicator.go:55.63,57.2 1 0
github.com/afreidah/s3-orchestrator/internal/worker/replicator.go:60.57,62.2 1 0
github.com/afreidah/s3-orchestrator/internal/worker/replicator.go:70.96,76.42 2 16
github.com/afreidah/s3-orchestrator/internal/worker/replicator.go:76.42,78.4 1 16
github.com/afreidah/s3-orchestrator/internal/worker/replicator.go:82.96,84.21 2 16
github.com/afreidah/s3-orchestrator/internal/worker/replicator.go:84.21,86.3 1 0
github.com/afreidah/s3-orchestrator/internal/worker/replicator.go:88.2,99.23 5 16
github.com/afreidah/s3-orchestrator/internal/worker/replicator.go:99.23,101.3 1 0
github.com/afreidah/s3-orchestrator/internal/worker/replicator.go:101.8,103.3 1 16
github.com/afreidah/s3-orchestrator/internal/worker/replicator.go:104.2,104.16 1 16
github.com/afreidah/s3-orchestrator/internal/worker/replicator.go:104.16,107.3 2 0
github.com/afreidah/s3-orchestrator/internal/worker/replicator.go:109.2,109.25 1 16
github.com/afreidah/s3-orchestrator/internal/worker/replicator.go:109.25,114.3 4 1
github.com/afreidah/s3-orchestrator/internal/worker/replicator.go:117.2,126.35 4 15
github.com/afreidah/s3-orchestrator/internal/worker/replicator.go:126.35,128.17 2 19
github.com/afreidah/s3-orchestrator/internal/worker/replicator.go:128.17,130.4 1 19
github.com/afreidah/s3-orchestrator/internal/worker/replicator.go:138.2,139.16 2 15
github.com/afreidah/s3-orchestrator/internal/worker/replicator.go:139.16,142.3 2 0
github.com/afreidah/s3-orchestrator/internal/worker/replicator.go:145.2,147.90 3 15
github.com/afreidah/s3-orchestrator/internal/worker/replicator.go:147.90,149.35 2 19
github.com/afreidah/s3-orchestrator/internal/worker/replicator.go:149.35,152.4 2 0
github.com/afreidah/s3-orchestrator/internal/worker/replicator.go:153.3,155.26 3 19
github.com/afreidah/s3-orchestrator/internal/worker/replicator.go:155.26,157.4 1 0
github.com/afreidah/s3-orchestrator/internal/worker/replicator.go:158.3,158.24 1 19
github.com/afreidah/s3-orchestrator/internal/worker/replicator.go:161.2,163.44 3 15
github.com/afreidah/s3-orchestrator/internal/worker/replicator.go:163.44,165.3 1 0
github.com/afreidah/s3-orchestrator/internal/worker/replicator.go:166.2,175.27 4 15
github.com/afreidah/s3-orchestrator/internal/worker/replicator.go:185.172,188.32 2 19
github.com/afreidah/s3-orchestrator/internal/worker/replicator.go:188.32,190.3 1 19
github.com/afreidah/s3-orchestrator/internal/worker/replicator.go:197.2,204.73 4 19
github.com/afreidah/s3-orchestrator/internal/worker/replicator.go:204.73,207.19 3 26
github.com/afreidah/s3-orchestrator/internal/worker/replicator.go:207.19,210.9 2 4
github.com/afreidah/s3-orchestrator/internal/worker/replicator.go:220.3,221.17 2 22
github.com/afreidah/s3-orchestrator/internal/worker/replicator.go:221.17,226.12 4 0
github.com/afreidah/s3-orchestrator/internal/worker/replicator.go:229.3,230.17 2 22
github.com/afreidah/s3-orchestrator/internal/worker/replicator.go:230.17,236.12 5 0
github.com/afreidah/s3-orchestrator/internal/worker/replicator.go:239.3,239.16 1 22
github.com/afreidah/s3-orchestrator/internal/worker/replicator.go:239.16,245.12 4 0
github.com/afreidah/s3-orchestrator/internal/worker/replicator.go:252.3,252.38 1 22
github.com/afreidah/s3-orchestrator/internal/worker/replicator.go:252.38,255.4 1 0
github.com/afreidah/s3-orchestrator/internal/worker/replicator.go:257.3,268.12 5 22
github.com/afreidah/s3-orchestrator/internal/worker/replicator.go:271.2,271.21 1 19
github.com/afreidah/s3-orchestrator/internal/worker/replicator.go:277.54,279.24 2 19
github.com/afreidah/s3-orchestrator/internal/worker/replicator.go:279.24,280.30 1 19
github.com/afreidah/s3-orchestrator/internal/worker/replicator.go:280.30,282.4 1 19
github.com/afreidah/s3-orchestrator/internal/worker/replicator.go:284.2,284.10 1 19
github.com/afreidah/s3-orchestrator/internal/worker/replicator.go:290.157,292.16 2 26
github.com/afreidah/s3-orchestrator/internal/worker/replicator.go:292.16,296.3 2 0
github.com/afreidah/s3-orchestrator/internal/worker/replicator.go:297.2,297.13 1 26
github.com/afreidah/s3-orchestrator/internal/worker/replicator.go:307.137,309.16 2 22
github.com/afreidah/s3-orchestrator/internal/worker/replicator.go:309.16,311.3 1 0
github.com/afreidah/s3-orchestrator/internal/worker/replicator.go:314.2,314.67 1 22
github.com/afreidah/s3-orchestrator/internal/worker/replicator.go:314.67,316.3 1 0
github.com/afreidah/s3-orchestrator/internal/worker/replicator.go:318.2,318.24 1 22
github.com/afreidah/s3-orchestrator/internal/worker/replicator.go:318.24,319.23 1 22
github.com/afreidah/s3-orchestrator/internal/worker/replicator.go:319.23,321.4 1 0
github.com/afreidah/s3-orchestrator/internal/worker/replicator.go:322.3,323.15 2 22
github.com/afreidah/s3-orchestrator/internal/worker/replicator.go:323.15,325.4 1 22
github.com/afreidah/s3-orchestrator/internal/worker/replicator.go:328.2,328.70 1 0
github.com/afreidah/s3-orchestrator/internal/worker/replicator.go:335.40,336.9 1 0
github.com/afreidah/s3-orchestrator/internal/worker/replicator.go:337.18,338.11 1 0
github.com/afreidah/s3-orchestrator/internal/worker/replicator.go:339.11,340.12 1 0
github.com/afreidah/s3-orchestrator/internal/worker/replicator.go:341.10,342.11 1 0
github.com/afreidah/s3-orchestrator/internal/worker/replicator.go:351.167,353.9 2 22
github.com/afreidah/s3-orchestrator/internal/worker/replicator.go:353.9,355.3 1 0
github.com/afreidah/s3-orchestrator/internal/worker/replicator.go:356.2,357.16 2 22
github.com/afreidah/s3-orchestrator/internal/worker/replicator.go:357.16,359.3 1 22
github.com/afreidah/s3-orchestrator/internal/worker/replicator.go:361.2,361.46 1 0
github.com/afreidah/s3-orchestrator/internal/worker/replicator.go:361.46,363.3 1 0
github.com/afreidah/s3-orchestrator/internal/worker/replicator.go:364.2,366.21 2 0
github.com/afreidah/s3-orchestrator/internal/worker/replicator.go:366.21,368.3 1 0
github.com/afreidah/s3-orchestrator/internal/worker/replicator.go:369.2,369.26 1 0
github.com/afreidah/s3-orchestrator/internal/worker/replicator.go:375.85,376.82 1 0
github.com/afreidah/s3-orchestrator/internal/worker/replicator.go:376.82,380.3 2 0
github.com/afreidah/s3-orchestrator/internal/worker/replicator.go:381.2,382.38 1 0
github.com/afreidah/s3-orchestrator/internal/worker/replicator.go:389.99,391.9 2 0
github.com/afreidah/s3-orchestrator/internal/worker/replicator.go:391.9,393.3 1 0
github.com/afreidah/s3-orchestrator/internal/worker/replicator.go:394.2,395.44 2 0
github.com/afreidah/s3-orchestrator/internal/worker/replicator.go:403.74,405.41 2 16
github.com/afreidah/s3-orchestrator/internal/worker/replicator.go:405.41,407.10 2 37
github.com/afreidah/s3-orchestrator/internal/worker/replicator.go:407.10,408.12 1 37
github.com/afreidah/s3-orchestrator/internal/worker/replicator.go:410.3,410.46 1 0
github.com/afreidah/s3-orchestrator/internal/worker/replicator.go:410.46,415.4 2 0
github.com/afreidah/s3-orchestrator/internal/worker/replicator.go:417.2,417.14 1 16
github.com/afreidah/s3-orchestrator/internal/worker/replicator.go:424.57,426.9 2 0
github.com/afreidah/s3-orchestrator/internal/worker/replicator.go:426.9,428.3 1 0
github.com/afreidah/s3-orchestrator/internal/worker/replicator.go:429.2,430.9 2 0
github.com/afreidah/s3-orchestrator/internal/worker/replicator.go:430.9,432.3 1 0
github.com/afreidah/s3-orchestrator/internal/worker/replicator.go:433.2,433.24 1 0
github.com/afreidah/s3-orchestrator/internal/worker/replicator.go:438.33,441.2 2 1
github.com/afreidah/s3-orchestrator/internal/worker/scrubber.go:52.100,54.2 1 27
github.com/afreidah/s3-orchestrator/internal/worker/scrubber.go:57.59,59.2 1 0
github.com/afreidah/s3-orchestrator/internal/worker/scrubber.go:62.53,64.2 1 0
github.com/afreidah/s3-orchestrator/internal/worker/scrubber.go:72.84,79.16 6 0
github.com/afreidah/s3-orchestrator/internal/worker/scrubber.go:79.16,82.3 2 0
github.com/afreidah/s3-orchestrator/internal/worker/scrubber.go:84.2,84.22 1 0
github.com/afreidah/s3-orchestrator/internal/worker/scrubber.go:84.22,85.23 1 0
github.com/afreidah/s3-orchestrator/internal/worker/scrubber.go:85.23,86.9 1 0
github.com/afreidah/s3-orchestrator/internal/worker/scrubber.go:88.3,89.23 2 0
github.com/afreidah/s3-orchestrator/internal/worker/scrubber.go:89.23,92.12 2 0
github.com/afreidah/s3-orchestrator/internal/worker/scrubber.go:94.3,96.13 3 0
github.com/afreidah/s3-orchestrator/internal/worker/scrubber.go:96.13,98.4 1 0
github.com/afreidah/s3-orchestrator/internal/worker/scrubber.go:101.2,103.24 2 0
github.com/afreidah/s3-orchestrator/internal/worker/scrubber.go:109.94,111.16 2 0
github.com/afreidah/s3-orchestrator/internal/worker/scrubber.go:111.16,113.3 1 0
github.com/afreidah/s3-orchestrator/internal/worker/scrubber.go:115.2,115.31 1 0
github.com/afreidah/s3-orchestrator/internal/worker/scrubber.go:115.31,121.16 4 0
github.com/afreidah/s3-orchestrator/internal/worker/scrubber.go:121.16,124.4 1 0
github.com/afreidah/s3-orchestrator/internal/worker/scrubber.go:125.3,125.20 1 0
github.com/afreidah/s3-orchestrator/internal/worker/scrubber.go:128.2,128.18 1 0
github.com/afreidah/s3-orchestrator/internal/worker/scrubber.go:139.101,146.16 6 0
github.com/afreidah/s3-orchestrator/internal/worker/scrubber.go:146.16,149.3 2 0
github.com/afreidah/s3-orchestrator/internal/worker/scrubber.go:151.2,151.20 1 0
github.com/afreidah/s3-orchestrator/internal/worker/scrubber.go:151.20,153.3 1 0
github.com/afreidah/s3-orchestrator/internal/worker/scrubber.go:155.2,158.22 2 0
github.com/afreidah/s3-orchestrator/internal/worker/scrubber.go:158.22,159.23 1 0
github.com/afreidah/s3-orchestrator/internal/worker/scrubber.go:159.23,160.9 1 0
github.com/afreidah/s3-orchestrator/internal/worker/scrubber.go:162.3,164.21 3 0
github.com/afreidah/s3-orchestrator/internal/worker/scrubber.go:164.21,167.12 2 0
github.com/afreidah/s3-orchestrator/internal/worker/scrubber.go:170.3,170.94 1 0
github.com/afreidah/s3-orchestrator/internal/worker/scrubber.go:170.94,173.12 2 0
github.com/afreidah/s3-orchestrator/internal/worker/scrubber.go:176.3,176.14 1 0
github.com/afreidah/s3-orchestrator/internal/worker/scrubber.go:179.2,183.28 2 0
github.com/afreidah/s3-orchestrator/internal/worker/scrubber.go:183.28,185.3 1 0
github.com/afreidah/s3-orchestrator/internal/worker/scrubber.go:186.2,186.21 1 0
github.com/afreidah/s3-orchestrator/internal/worker/scrubber.go:196.95,198.16 2 0
github.com/afreidah/s3-orchestrator/internal/worker/scrubber.go:198.16,200.3 1 0
github.com/afreidah/s3-orchestrator/internal/worker/scrubber.go:202.2,206.16 4 0
github.com/afreidah/s3-orchestrator/internal/worker/scrubber.go:206.16,209.3 2 0
github.com/afreidah/s3-orchestrator/internal/worker/scrubber.go:210.2,217.41 4 0
github.com/afreidah/s3-orchestrator/internal/worker/scrubber.go:217.41,219.23 2 0
github.com/afreidah/s3-orchestrator/internal/worker/scrubber.go:219.23,221.4 1 0
github.com/afreidah/s3-orchestrator/internal/worker/scrubber.go:222.3,223.20 2 0
github.com/afreidah/s3-orchestrator/internal/worker/scrubber.go:223.20,226.4 2 0
github.com/afreidah/s3-orchestrator/internal/worker/scrubber.go:227.3,228.21 2 0
github.com/afreidah/s3-orchestrator/internal/worker/scrubber.go:232.2,233.46 2 0
github.com/afreidah/s3-orchestrator/internal/worker/scrubber.go:233.46,235.3 1 0
github.com/afreidah/s3-orchestrator/internal/worker/scrubber.go:236.2,236.44 1 0
